
SQL*Loader: Release 12.2.0.1.0 - Production on Wed Jan 16 10:45:38 2019

Copyright (c) 1982, 2017, Oracle and/or its affiliates.  All rights reserved.

Control File:   /dw-data/EBS-REPORT/control/EBS_BSSHEET_HEADER.ctl
Data File:      /dw-data/EBS-REPORT/20190103/csv/20190103_bssheet_201812.csv
  Bad File:     /dw-data/EBS-REPORT/20190103/bad/EBS_BSSHEET_HEADER_201812.bad
  Discard File:  none specified
 
 (Allow all discards)

Number to load: 1
Number to skip: 0
Errors allowed: 50
Bind array:     64 rows, maximum of 256000 bytes
Continuation:    none specified
Path used:      Conventional

Table EBS_BSSHEET_HEADER, loaded from every logical record.
Insert option in effect for this table: APPEND
TRAILING NULLCOLS option in effect

   Column Name                  Position   Len  Term Encl Datatype
------------------------------ ---------- ----- ---- ---- ---------------------
REPORT_ID                           FIRST     *   ,  O(") CHARACTER            
REPORT_FLAG                          NEXT     *   ,  O(") CHARACTER            
PERIOD_DATE                          NEXT     *   ,  O(") CHARACTER            
DATA_DATE                            NEXT     *   ,  O(") DATE YYYYMMDD        
COM_CODE                             NEXT     *   ,  O(") CHARACTER            
DEPT_CODE                            NEXT     *   ,  O(") CHARACTER            
LINE_COUNT_NUM                       NEXT     *   ,  O(") CHARACTER            
    SQL string for column : "to_number(:line_count_num)"
ETL_DATE                             NEXT     *   ,  O(") CHARACTER            
    SQL string for column : "sysdate"


Table EBS_BSSHEET_HEADER:
  1 Row successfully loaded.
  0 Rows not loaded due to data errors.
  0 Rows not loaded because all WHEN clauses were failed.
  0 Rows not loaded because all fields were null.


Space allocated for bind array:                 132096 bytes(64 rows)
Read   buffer bytes: 1048576

Total logical records skipped:          0
Total logical records read:             1
Total logical records rejected:         0
Total logical records discarded:        0

Run began on Wed Jan 16 10:45:38 2019
Run ended on Wed Jan 16 10:45:38 2019

Elapsed time was:     00:00:00.05
CPU time was:         00:00:00.01
