
SQL*Loader: Release 12.2.0.1.0 - Production on Mon Apr 22 16:38:51 2019

Copyright (c) 1982, 2017, Oracle and/or its affiliates.  All rights reserved.

Control File:   /dw-data/AICS/control/AICS_REPAY_CONFIRM_DETAIL.ctl
Data File:      /dw-data/AICS/20190307/csv/20190307-RepayConfirmDetail.csv
  Bad File:     /dw-data/AICS/20190307/bad/AICS_REPAY_CONFIRM_DETAIL.bad
  Discard File:  none specified
 
 (Allow all discards)

Number to load: ALL
Number to skip: 1
Errors allowed: 50
Bind array:     64 rows, maximum of 256000 bytes
Continuation:    none specified
Path used:      Conventional

Table AICS_REPAY_CONFIRM_DETAIL, loaded from every logical record.
Insert option in effect for this table: TRUNCATE
TRAILING NULLCOLS option in effect

   Column Name                  Position   Len  Term Encl Datatype
------------------------------ ---------- ----- ---- ---- ---------------------
VIRTUAL_COLUM                       FIRST     *      O(") CHARACTER            
  (FILLER FIELD)
    Terminator string : '^*'
ID                                   NEXT     *      O(") CHARACTER            
    Terminator string : '^*'
CONFIRMID                            NEXT     *      O(") CHARACTER            
    Terminator string : '^*'
TYPE                                 NEXT     *      O(") CHARACTER            
    Terminator string : '^*'
OBJ_ID                               NEXT     *      O(") CHARACTER            
    Terminator string : '^*'
LOAN_AMOUNT                          NEXT     *      O(") CHARACTER            
    Terminator string : '^*'
LOAN_COST                            NEXT     *      O(") CHARACTER            
    Terminator string : '^*'
REPAY_AMOUNT                         NEXT     *      O(") CHARACTER            
    Terminator string : '^*'
AMOUNT                               NEXT     *      O(") CHARACTER            
    Terminator string : '^*'
DEBTS                                NEXT     *      O(") CHARACTER            
    Terminator string : '^*'
NET_REPAY                            NEXT     *      O(") CHARACTER            
    Terminator string : '^*'
SPECIAL_REMARK                       NEXT     *      O(") CHARACTER            
    Terminator string : '^*'
ISFINISHED                           NEXT     *      O(") CHARACTER            
    Terminator string : '^*'
PENALTY                              NEXT     *      O(") CHARACTER            
    Terminator string : '^*'
REMAIN_PENALTY                       NEXT     *      O(") CHARACTER            
    Terminator string : '^*'
OVERDUE_FEE                          NEXT     *      O(") CHARACTER            
    Terminator string : '^*'
CREDITORCONTRACTCODE                 NEXT     *      O(") CHARACTER            
    Terminator string : '^*'
COMPOUNDINTEREST                     NEXT     *      O(") CHARACTER            
    Terminator string : '^*'
PRE_COMPOUNDINTEREST                 NEXT     *      O(") CHARACTER            
    Terminator string : '^*'
OUT_INCOME                           NEXT     *      O(") CHARACTER            
    Terminator string : '^*'
OUT_TAX                              NEXT     *      O(") CHARACTER            
    Terminator string : '^*'
CREATE_DATE                          NEXT     *      O(") DATE YYYY-MM-DD HH24:MI:SS
    Terminator string : '^*'
CURRENT_LOAN_AMOUNT                  NEXT     *      O(") CHARACTER            
    Terminator string : '^*'
DATADATE                             NEXT     *      O(") CHARACTER            
    Terminator string : '^*'
    SQL string for column : "(select data_date from etl_control.ctl_general_parameter)"
ETL_DATE                             NEXT     *      O(") CHARACTER            
    Terminator string : '^*'
    SQL string for column : "sysdate "

value used for ROWS parameter changed from 64 to 41
SQL*Loader-500: Unable to open file (/dw-data/AICS/20190307/csv/20190307-RepayConfirmDetail.csv)
SQL*Loader-553: file not found
SQL*Loader-509: System error: No such file or directory
SQL*Loader-2026: the load was aborted because SQL Loader cannot continue.

Table AICS_REPAY_CONFIRM_DETAIL:
  0 Rows successfully loaded.
  0 Rows not loaded due to data errors.
  0 Rows not loaded because all WHEN clauses were failed.
  0 Rows not loaded because all fields were null.


Space allocated for bind array:                 253872 bytes(41 rows)
Read   buffer bytes: 1048576

Total logical records skipped:          0
Total logical records read:             0
Total logical records rejected:         0
Total logical records discarded:        0

Run began on Mon Apr 22 16:38:51 2019
Run ended on Mon Apr 22 16:38:51 2019

Elapsed time was:     00:00:00.04
CPU time was:         00:00:00.02
