
SQL*Loader: Release 12.2.0.1.0 - Production on Thu Jan 17 14:54:57 2019

Copyright (c) 1982, 2017, Oracle and/or its affiliates.  All rights reserved.

Control File:   /dw-data/EBS-DATA/control/EBS_AP_SUPPLIERS.ctl
Data File:      /dw-data/EBS-DATA/20190116/csv/20190116_ap_suppliers_201901.csv
  Bad File:     /dw-data/EBS-DATA/20190116/bad/EBS_AP_SUPPLIERS.bad
  Discard File:  none specified
 
 (Allow all discards)

Number to load: ALL
Number to skip: 1
Errors allowed: 50
Bind array:     64 rows, maximum of 256000 bytes
Continuation:    none specified
Path used:      Conventional

Table EBS_AP_SUPPLIERS, loaded from every logical record.
Insert option in effect for this table: TRUNCATE
TRAILING NULLCOLS option in effect

   Column Name                  Position   Len  Term Encl Datatype
------------------------------ ---------- ----- ---- ---- ---------------------
REPORT_ID                           FIRST     *      O(") CHARACTER            
    Terminator string : '^*'
VENDOR_ID                            NEXT     *      O(") CHARACTER            
    Terminator string : '^*'
LAST_UPDATE_DATE                     NEXT     *      O(") DATE DD-MM-YY        
    Terminator string : '^*'
LAST_UPDATED_BY                      NEXT     *      O(") CHARACTER            
    Terminator string : '^*'
VENDOR_NAME                          NEXT     *      O(") CHARACTER            
    Terminator string : '^*'
VENDOR_NAME_ALT                      NEXT     *      O(") CHARACTER            
    Terminator string : '^*'
SEGMENT1                             NEXT     *      O(") CHARACTER            
    Terminator string : '^*'
SUMMARY_FLAG                         NEXT     *      O(") CHARACTER            
    Terminator string : '^*'
ENABLED_FLAG                         NEXT     *      O(") CHARACTER            
    Terminator string : '^*'
SEGMENT2                             NEXT     *      O(") CHARACTER            
    Terminator string : '^*'
SEGMENT3                             NEXT     *      O(") CHARACTER            
    Terminator string : '^*'
SEGMENT4                             NEXT     *      O(") CHARACTER            
    Terminator string : '^*'
SEGMENT5                             NEXT     *      O(") CHARACTER            
    Terminator string : '^*'
LAST_UPDATE_LOGIN                    NEXT     *      O(") CHARACTER            
    Terminator string : '^*'
CREATION_DATE                        NEXT     *      O(") DATE DD-MM-YY        
    Terminator string : '^*'
CREATED_BY                           NEXT     *      O(") CHARACTER            
    Terminator string : '^*'
EMPLOYEE_ID                          NEXT     *      O(") CHARACTER            
    Terminator string : '^*'
VENDOR_TYPE_LOOKUP_CODE              NEXT     *      O(") CHARACTER            
    Terminator string : '^*'
CUSTOMER_NUM                         NEXT     *      O(") CHARACTER            
    Terminator string : '^*'
ONE_TIME_FLAG                        NEXT     *      O(") CHARACTER            
    Terminator string : '^*'
PARENT_VENDOR_ID                     NEXT     *      O(") CHARACTER            
    Terminator string : '^*'
MIN_ORDER_AMOUNT                     NEXT     *      O(") CHARACTER            
    Terminator string : '^*'
SHIP_TO_LOCATION_ID                  NEXT     *      O(") CHARACTER            
    Terminator string : '^*'
BILL_TO_LOCATION_ID                  NEXT     *      O(") CHARACTER            
    Terminator string : '^*'
SHIP_VIA_LOOKUP_CODE                 NEXT     *      O(") CHARACTER            
    Terminator string : '^*'
FREIGHT_TERMS_LOOKUP_CODE            NEXT     *      O(") CHARACTER            
    Terminator string : '^*'
FOB_LOOKUP_CODE                      NEXT     *      O(") CHARACTER            
    Terminator string : '^*'
TERMS_ID                             NEXT     *      O(") CHARACTER            
    Terminator string : '^*'
SET_OF_BOOKS_ID                      NEXT     *      O(") CHARACTER            
    Terminator string : '^*'
CREDIT_STATUS_LOOKUP_CODE            NEXT     *      O(") CHARACTER            
    Terminator string : '^*'
CREDIT_LIMIT                         NEXT     *      O(") CHARACTER            
    Terminator string : '^*'
ALWAYS_TAKE_DISC_FLAG                NEXT     *      O(") CHARACTER            
    Terminator string : '^*'
PAY_DATE_BASIS_LOOKUP_CODE           NEXT     *      O(") CHARACTER            
    Terminator string : '^*'
PAY_GROUP_LOOKUP_CODE                NEXT     *      O(") CHARACTER            
    Terminator string : '^*'
PAYMENT_PRIORITY                     NEXT     *      O(") CHARACTER            
    Terminator string : '^*'
INVOICE_CURRENCY_CODE                NEXT     *      O(") CHARACTER            
    Terminator string : '^*'
PAYMENT_CURRENCY_CODE                NEXT     *      O(") CHARACTER            
    Terminator string : '^*'
INVOICE_AMOUNT_LIMIT                 NEXT     *      O(") CHARACTER            
    Terminator string : '^*'
EXCHANGE_DATE_LOOKUP_CODE            NEXT     *      O(") CHARACTER            
    Terminator string : '^*'
HOLD_ALL_PAYMENTS_FLAG               NEXT     *      O(") CHARACTER            
    Terminator string : '^*'
HOLD_FUTURE_PAYMENTS_FLAG            NEXT     *      O(") CHARACTER            
    Terminator string : '^*'
HOLD_REASON                          NEXT     *      O(") CHARACTER            
    Terminator string : '^*'
DISTRIBUTION_SET_ID                  NEXT     *      O(") CHARACTER            
    Terminator string : '^*'
ACCTS_PAY_CODE_COMBINATION_ID        NEXT     *      O(") CHARACTER            
    Terminator string : '^*'
DISC_LOST_CODE_COMBINATION_ID        NEXT     *      O(") CHARACTER            
    Terminator string : '^*'
DISC_TAKEN_CODE_COMBINATION_ID       NEXT     *      O(") CHARACTER            
    Terminator string : '^*'
EXPENSE_CODE_COMBINATION_ID          NEXT     *      O(") CHARACTER            
    Terminator string : '^*'
PREPAY_CODE_COMBINATION_ID           NEXT     *      O(") CHARACTER            
    Terminator string : '^*'
NUM_1099                             NEXT     *      O(") CHARACTER            
    Terminator string : '^*'
TYPE_1099                            NEXT     *      O(") CHARACTER            
    Terminator string : '^*'
WITHHOLDING_STATUS_LOOKUP_CODE       NEXT     *      O(") CHARACTER            
    Terminator string : '^*'
WITHHOLDING_START_DATE               NEXT     *      O(") DATE DD-MM-YY        
    Terminator string : '^*'
ORGANIZATION_TYPE_LOOKUP_CODE        NEXT     *      O(") CHARACTER            
    Terminator string : '^*'
VAT_CODE                             NEXT     *      O(") CHARACTER            
    Terminator string : '^*'
START_DATE_ACTIVE                    NEXT     *      O(") DATE DD-MM-YY        
    Terminator string : '^*'
END_DATE_ACTIVE                      NEXT     *      O(") DATE DD-MM-YY        
    Terminator string : '^*'
MINORITY_GROUP_LOOKUP_CODE           NEXT     *      O(") CHARACTER            
    Terminator string : '^*'
PAYMENT_METHOD_LOOKUP_CODE           NEXT     *      O(") CHARACTER            
    Terminator string : '^*'
BANK_ACCOUNT_NAME                    NEXT     *      O(") CHARACTER            
    Terminator string : '^*'
BANK_ACCOUNT_NUM                     NEXT     *      O(") CHARACTER            
    Terminator string : '^*'
BANK_NUM                             NEXT     *      O(") CHARACTER            
    Terminator string : '^*'
BANK_ACCOUNT_TYPE                    NEXT     *      O(") CHARACTER            
    Terminator string : '^*'
WOMEN_OWNED_FLAG                     NEXT     *      O(") CHARACTER            
    Terminator string : '^*'
SMALL_BUSINESS_FLAG                  NEXT     *      O(") CHARACTER            
    Terminator string : '^*'
STANDARD_INDUSTRY_CLASS              NEXT     *      O(") CHARACTER            
    Terminator string : '^*'
HOLD_FLAG                            NEXT     *      O(") CHARACTER            
    Terminator string : '^*'
PURCHASING_HOLD_REASON               NEXT     *      O(") CHARACTER            
    Terminator string : '^*'
HOLD_BY                              NEXT     *      O(") CHARACTER            
    Terminator string : '^*'
HOLD_DATE                            NEXT     *      O(") DATE DD-MM-YY        
    Terminator string : '^*'
TERMS_DATE_BASIS                     NEXT     *      O(") CHARACTER            
    Terminator string : '^*'
PRICE_TOLERANCE                      NEXT     *      O(") CHARACTER            
    Terminator string : '^*'
INSPECTION_REQUIRED_FLAG             NEXT     *      O(") CHARACTER            
    Terminator string : '^*'
RECEIPT_REQUIRED_FLAG                NEXT     *      O(") CHARACTER            
    Terminator string : '^*'
QTY_RCV_TOLERANCE                    NEXT     *      O(") CHARACTER            
    Terminator string : '^*'
QTY_RCV_EXCEPTION_CODE               NEXT     *      O(") CHARACTER            
    Terminator string : '^*'
ENFORCE_SHIP_TO_LOCATION_CODE        NEXT     *      O(") CHARACTER            
    Terminator string : '^*'
DAYS_EARLY_RECEIPT_ALLOWED           NEXT     *      O(") CHARACTER            
    Terminator string : '^*'
DAYS_LATE_RECEIPT_ALLOWED            NEXT     *      O(") CHARACTER            
    Terminator string : '^*'
RECEIPT_DAYS_EXCEPTION_CODE          NEXT     *      O(") CHARACTER            
    Terminator string : '^*'
RECEIVING_ROUTING_ID                 NEXT     *      O(") CHARACTER            
    Terminator string : '^*'
ALLOW_SUBSTITUTE_RECEIPTS_FLAG       NEXT     *      O(") CHARACTER            
    Terminator string : '^*'
ALLOW_UNORDERED_RECEIPTS_FLAG        NEXT     *      O(") CHARACTER            
    Terminator string : '^*'
HOLD_UNMATCHED_INVOICES_FLAG         NEXT     *      O(") CHARACTER            
    Terminator string : '^*'
EXCLUSIVE_PAYMENT_FLAG               NEXT     *      O(") CHARACTER            
    Terminator string : '^*'
AP_TAX_ROUNDING_RULE                 NEXT     *      O(") CHARACTER            
    Terminator string : '^*'
AUTO_TAX_CALC_FLAG                   NEXT     *      O(") CHARACTER            
    Terminator string : '^*'
AUTO_TAX_CALC_OVERRIDE               NEXT     *      O(") CHARACTER            
    Terminator string : '^*'
AMOUNT_INCLUDES_TAX_FLAG             NEXT     *      O(") CHARACTER            
    Terminator string : '^*'
TAX_VERIFICATION_DATE                NEXT     *      O(") DATE DD-MM-YY        
    Terminator string : '^*'
NAME_CONTROL                         NEXT     *      O(") CHARACTER            
    Terminator string : '^*'
STATE_REPORTABLE_FLAG                NEXT     *      O(") CHARACTER            
    Terminator string : '^*'
FEDERAL_REPORTABLE_FLAG              NEXT     *      O(") CHARACTER            
    Terminator string : '^*'
ATTRIBUTE_CATEGORY                   NEXT     *      O(") CHARACTER            
    Terminator string : '^*'
ATTRIBUTE1                           NEXT     *      O(") CHARACTER            
    Terminator string : '^*'
ATTRIBUTE2                           NEXT     *      O(") CHARACTER            
    Terminator string : '^*'
ATTRIBUTE3                           NEXT     *      O(") CHARACTER            
    Terminator string : '^*'
ATTRIBUTE4                           NEXT     *      O(") CHARACTER            
    Terminator string : '^*'
ATTRIBUTE5                           NEXT     *      O(") CHARACTER            
    Terminator string : '^*'
ATTRIBUTE6                           NEXT     *      O(") CHARACTER            
    Terminator string : '^*'
ATTRIBUTE7                           NEXT     *      O(") CHARACTER            
    Terminator string : '^*'
ATTRIBUTE8                           NEXT     *      O(") CHARACTER            
    Terminator string : '^*'
ATTRIBUTE9                           NEXT     *      O(") CHARACTER            
    Terminator string : '^*'
ATTRIBUTE10                          NEXT     *      O(") CHARACTER            
    Terminator string : '^*'
ATTRIBUTE11                          NEXT     *      O(") CHARACTER            
    Terminator string : '^*'
ATTRIBUTE12                          NEXT     *      O(") CHARACTER            
    Terminator string : '^*'
ATTRIBUTE13                          NEXT     *      O(") CHARACTER            
    Terminator string : '^*'
ATTRIBUTE14                          NEXT     *      O(") CHARACTER            
    Terminator string : '^*'
ATTRIBUTE15                          NEXT     *      O(") CHARACTER            
    Terminator string : '^*'
REQUEST_ID                           NEXT     *      O(") CHARACTER            
    Terminator string : '^*'
PROGRAM_APPLICATION_ID               NEXT     *      O(") CHARACTER            
    Terminator string : '^*'
PROGRAM_ID                           NEXT     *      O(") CHARACTER            
    Terminator string : '^*'
PROGRAM_UPDATE_DATE                  NEXT     *      O(") DATE DD-MM-YY        
    Terminator string : '^*'
OFFSET_VAT_CODE                      NEXT     *      O(") CHARACTER            
    Terminator string : '^*'
VAT_REGISTRATION_NUM                 NEXT     *      O(") CHARACTER            
    Terminator string : '^*'
AUTO_CALCULATE_INTEREST_FLAG         NEXT     *      O(") CHARACTER            
    Terminator string : '^*'
VALIDATION_NUMBER                    NEXT     *      O(") CHARACTER            
    Terminator string : '^*'
EXCLUDE_FREIGHT_FROM_DISCOUNT        NEXT     *      O(") CHARACTER            
    Terminator string : '^*'
TAX_REPORTING_NAME                   NEXT     *      O(") CHARACTER            
    Terminator string : '^*'
CHECK_DIGITS                         NEXT     *      O(") CHARACTER            
    Terminator string : '^*'
BANK_NUMBER                          NEXT     *      O(") CHARACTER            
    Terminator string : '^*'
ALLOW_AWT_FLAG                       NEXT     *      O(") CHARACTER            
    Terminator string : '^*'
AWT_GROUP_ID                         NEXT     *      O(") CHARACTER            
    Terminator string : '^*'
GLOBAL_ATTRIBUTE1                    NEXT     *      O(") CHARACTER            
    Terminator string : '^*'
GLOBAL_ATTRIBUTE2                    NEXT     *      O(") CHARACTER            
    Terminator string : '^*'
GLOBAL_ATTRIBUTE3                    NEXT     *      O(") CHARACTER            
    Terminator string : '^*'
GLOBAL_ATTRIBUTE4                    NEXT     *      O(") CHARACTER            
    Terminator string : '^*'
GLOBAL_ATTRIBUTE5                    NEXT     *      O(") CHARACTER            
    Terminator string : '^*'
GLOBAL_ATTRIBUTE6                    NEXT     *      O(") CHARACTER            
    Terminator string : '^*'
GLOBAL_ATTRIBUTE7                    NEXT     *      O(") CHARACTER            
    Terminator string : '^*'
GLOBAL_ATTRIBUTE8                    NEXT     *      O(") CHARACTER            
    Terminator string : '^*'
GLOBAL_ATTRIBUTE9                    NEXT     *      O(") CHARACTER            
    Terminator string : '^*'
GLOBAL_ATTRIBUTE10                   NEXT     *      O(") CHARACTER            
    Terminator string : '^*'
GLOBAL_ATTRIBUTE11                   NEXT     *      O(") CHARACTER            
    Terminator string : '^*'
GLOBAL_ATTRIBUTE12                   NEXT     *      O(") CHARACTER            
    Terminator string : '^*'
GLOBAL_ATTRIBUTE13                   NEXT     *      O(") CHARACTER            
    Terminator string : '^*'
GLOBAL_ATTRIBUTE14                   NEXT     *      O(") CHARACTER            
    Terminator string : '^*'
GLOBAL_ATTRIBUTE15                   NEXT     *      O(") CHARACTER            
    Terminator string : '^*'
GLOBAL_ATTRIBUTE16                   NEXT     *      O(") CHARACTER            
    Terminator string : '^*'
GLOBAL_ATTRIBUTE17                   NEXT     *      O(") CHARACTER            
    Terminator string : '^*'
GLOBAL_ATTRIBUTE18                   NEXT     *      O(") CHARACTER            
    Terminator string : '^*'
GLOBAL_ATTRIBUTE19                   NEXT     *      O(") CHARACTER            
    Terminator string : '^*'
GLOBAL_ATTRIBUTE20                   NEXT     *      O(") CHARACTER            
    Terminator string : '^*'
GLOBAL_ATTRIBUTE_CATEGORY            NEXT     *      O(") CHARACTER            
    Terminator string : '^*'
EDI_TRANSACTION_HANDLING             NEXT     *      O(") CHARACTER            
    Terminator string : '^*'
EDI_PAYMENT_METHOD                   NEXT     *      O(") CHARACTER            
    Terminator string : '^*'
EDI_PAYMENT_FORMAT                   NEXT     *      O(") CHARACTER            
    Terminator string : '^*'
EDI_REMITTANCE_METHOD                NEXT     *      O(") CHARACTER            
    Terminator string : '^*'
EDI_REMITTANCE_INSTRUCTION           NEXT     *      O(") CHARACTER            
    Terminator string : '^*'
BANK_CHARGE_BEARER                   NEXT     *      O(") CHARACTER            
    Terminator string : '^*'
BANK_BRANCH_TYPE                     NEXT     *      O(") CHARACTER            
    Terminator string : '^*'
MATCH_OPTION                         NEXT     *      O(") CHARACTER            
    Terminator string : '^*'
FUTURE_DATED_PAYMENT_CCID            NEXT     *      O(") CHARACTER            
    Terminator string : '^*'
CREATE_DEBIT_MEMO_FLAG               NEXT     *      O(") CHARACTER            
    Terminator string : '^*'
OFFSET_TAX_FLAG                      NEXT     *      O(") CHARACTER            
    Terminator string : '^*'
PARTY_ID                             NEXT     *      O(") CHARACTER            
    Terminator string : '^*'
PARENT_PARTY_ID                      NEXT     *      O(") CHARACTER            
    Terminator string : '^*'
NI_NUMBER                            NEXT     *      O(") CHARACTER            
    Terminator string : '^*'
TCA_SYNC_NUM_1099                    NEXT     *      O(") CHARACTER            
    Terminator string : '^*'
TCA_SYNC_VENDOR_NAME                 NEXT     *      O(") CHARACTER            
    Terminator string : '^*'
TCA_SYNC_VAT_REG_NUM                 NEXT     *      O(") CHARACTER            
    Terminator string : '^*'
INDIVIDUAL_1099                      NEXT     *      O(") CHARACTER            
    Terminator string : '^*'
UNIQUE_TAX_REFERENCE_NUM             NEXT     *      O(") CHARACTER            
    Terminator string : '^*'
PARTNERSHIP_UTR                      NEXT     *      O(") CHARACTER            
    Terminator string : '^*'
PARTNERSHIP_NAME                     NEXT     *      O(") CHARACTER            
    Terminator string : '^*'
CIS_ENABLED_FLAG                     NEXT     *      O(") CHARACTER            
    Terminator string : '^*'
FIRST_NAME                           NEXT     *      O(") CHARACTER            
    Terminator string : '^*'
SECOND_NAME                          NEXT     *      O(") CHARACTER            
    Terminator string : '^*'
LAST_NAME                            NEXT     *      O(") CHARACTER            
    Terminator string : '^*'
SALUTATION                           NEXT     *      O(") CHARACTER            
    Terminator string : '^*'
TRADING_NAME                         NEXT     *      O(") CHARACTER            
    Terminator string : '^*'
WORK_REFERENCE                       NEXT     *      O(") CHARACTER            
    Terminator string : '^*'
COMPANY_REGISTRATION_NUMBER          NEXT     *      O(") CHARACTER            
    Terminator string : '^*'
NATIONAL_INSURANCE_NUMBER            NEXT     *      O(") CHARACTER            
    Terminator string : '^*'
VERIFICATION_NUMBER                  NEXT     *      O(") CHARACTER            
    Terminator string : '^*'
VERIFICATION_REQUEST_ID              NEXT     *      O(") CHARACTER            
    Terminator string : '^*'
MATCH_STATUS_FLAG                    NEXT     *      O(") CHARACTER            
    Terminator string : '^*'
CIS_VERIFICATION_DATE                NEXT     *      O(") DATE DD-MM-YY        
    Terminator string : '^*'
PAY_AWT_GROUP_ID                     NEXT     *      O(") CHARACTER            
    Terminator string : '^*'
CIS_PARENT_VENDOR_ID                 NEXT     *      O(") CHARACTER            
    Terminator string : '^*'
BUS_CLASS_LAST_CERTIFIED_DATE        NEXT     *      O(") DATE DD-MM-YY        
    Terminator string : '^*'
BUS_CLASS_LAST_CERTIFIED_BY          NEXT     *      O(") CHARACTER            
    Terminator string : '^*'
DATA_DATE                            NEXT     *      O(") CHARACTER            
    Terminator string : '^*'
    SQL string for column : "(select data_date from etl_control.ctl_general_parameter)"
ETL_DATE                             NEXT     *      O(") CHARACTER            
    Terminator string : '^*'
    SQL string for column : "sysdate "

value used for ROWS parameter changed from 64 to 5

Table EBS_AP_SUPPLIERS:
  37 Rows successfully loaded.
  0 Rows not loaded due to data errors.
  0 Rows not loaded because all WHEN clauses were failed.
  0 Rows not loaded because all fields were null.


Space allocated for bind array:                 236070 bytes(5 rows)
Read   buffer bytes: 1048576

Total logical records skipped:          1
Total logical records read:            37
Total logical records rejected:         0
Total logical records discarded:        0

Run began on Thu Jan 17 14:54:57 2019
Run ended on Thu Jan 17 14:54:57 2019

Elapsed time was:     00:00:00.09
CPU time was:         00:00:00.04
