
SQL*Loader: Release 12.2.0.1.0 - Production on Tue Apr 23 10:13:55 2019

Copyright (c) 1982, 2017, Oracle and/or its affiliates.  All rights reserved.

Control File:   /dw-data/AICS/control/AICS_CREDITOR_VARY_RELATION.ctl
Data File:      /dw-data/AICS/20190416/csv/20190416-CreditorVaryRelation.csv
  Bad File:     /dw-data/AICS/20190416/bad/AICS_CREDITOR_VARY_RELATION.bad
  Discard File:  none specified
 
 (Allow all discards)

Number to load: ALL
Number to skip: 1
Errors allowed: 50
Bind array:     64 rows, maximum of 256000 bytes
Continuation:    none specified
Path used:      Conventional

Table AICS_CREDITOR_VARY_RELATION, loaded from every logical record.
Insert option in effect for this table: TRUNCATE
TRAILING NULLCOLS option in effect

   Column Name                  Position   Len  Term Encl Datatype
------------------------------ ---------- ----- ---- ---- ---------------------
RELATIONID                          FIRST     *      O(") CHARACTER            
    Terminator string : '^*'
IJOURID                              NEXT     *      O(") CHARACTER            
    Terminator string : '^*'
CREDITORCONTRACTCODE                 NEXT     *      O(") CHARACTER            
    Terminator string : '^*'
OFEESETCORPUSAMOUNT                  NEXT     *      O(") CHARACTER            
    Terminator string : '^*'
OFEESETINTEREST                      NEXT     *      O(") CHARACTER            
    Terminator string : '^*'
DATADATE                             NEXT     *      O(") CHARACTER            
    Terminator string : '^*'
    SQL string for column : "(select data_date from etl_control.ctl_general_parameter)"
ETL_DATE                             NEXT     *      O(") CHARACTER            
    Terminator string : '^*'
    SQL string for column : "sysdate "

SQL*Loader-500: Unable to open file (/dw-data/AICS/20190416/csv/20190416-CreditorVaryRelation.csv)
SQL*Loader-553: file not found
SQL*Loader-509: System error: No such file or directory
SQL*Loader-2026: the load was aborted because SQL Loader cannot continue.

Table AICS_CREDITOR_VARY_RELATION:
  0 Rows successfully loaded.
  0 Rows not loaded due to data errors.
  0 Rows not loaded because all WHEN clauses were failed.
  0 Rows not loaded because all fields were null.


Space allocated for bind array:                 115584 bytes(64 rows)
Read   buffer bytes: 1048576

Total logical records skipped:          0
Total logical records read:             0
Total logical records rejected:         0
Total logical records discarded:        0

Run began on Tue Apr 23 10:13:55 2019
Run ended on Tue Apr 23 10:13:55 2019

Elapsed time was:     00:00:00.05
CPU time was:         00:00:00.01
