
SQL*Loader: Release 12.2.0.1.0 - Production on Tue Apr 23 10:13:56 2019

Copyright (c) 1982, 2017, Oracle and/or its affiliates.  All rights reserved.

Control File:   /dw-data/AICS/control/AICS_INVEST_PROFITDETAIL.ctl
Data File:      /dw-data/AICS/20190416/csv/20190416-InvestProfitDetail.csv
  Bad File:     /dw-data/AICS/20190416/bad/AICS_INVEST_PROFITDETAIL.bad
  Discard File:  none specified
 
 (Allow all discards)

Number to load: ALL
Number to skip: 0
Errors allowed: 50
Bind array:     64 rows, maximum of 256000 bytes
Continuation:    none specified
Path used:      Conventional

Table AICS_INVEST_PROFITDETAIL, loaded from every logical record.
Insert option in effect for this table: TRUNCATE
TRAILING NULLCOLS option in effect

   Column Name                  Position   Len  Term Encl Datatype
------------------------------ ---------- ----- ---- ---- ---------------------
PKID                                FIRST     *      O(") CHARACTER            
    Terminator string : '^*'
IJOURID                              NEXT     *      O(") CHARACTER            
    Terminator string : '^*'
PROJECTCODE                          NEXT     *      O(") CHARACTER            
    Terminator string : '^*'
SUBPROJECTCODE                       NEXT     *      O(") CHARACTER            
    Terminator string : '^*'
INVESTCODE                           NEXT     *      O(") CHARACTER            
    Terminator string : '^*'
CONTRACTID                           NEXT     *      O(") CHARACTER            
    Terminator string : '^*'
ASSETID                              NEXT     *      O(") CHARACTER            
    Terminator string : '^*'
REPAYWAY                             NEXT     *      O(") CHARACTER            
    Terminator string : '^*'
EXTFLAG                              NEXT     *      O(") CHARACTER            
    Terminator string : '^*'
PROFITKIND                           NEXT     *      O(") CHARACTER            
    Terminator string : '^*'
OCCUR_INVEST                         NEXT     *      O(") CHARACTER            
    Terminator string : '^*'
BDATE                                NEXT     *      O(") DATE YYYY-MM-DD HH24:MI:SS
    Terminator string : '^*'
EDATE                                NEXT     *      O(") DATE YYYY-MM-DD HH24:MI:SS
    Terminator string : '^*'
SETTLDATE                            NEXT     *      O(") DATE YYYY-MM-DD HH24:MI:SS
    Terminator string : '^*'
CALCWAY                              NEXT     *      O(") CHARACTER            
    Terminator string : '^*'
RATE                                 NEXT     *      O(") CHARACTER            
    Terminator string : '^*'
PROFIT                               NEXT     *      O(") CHARACTER            
    Terminator string : '^*'
BALANCE                              NEXT     *      O(") CHARACTER            
    Terminator string : '^*'
AFFLID                               NEXT     *      O(") CHARACTER            
    Terminator string : '^*'
MODIFLAG                             NEXT     *      O(") CHARACTER            
    Terminator string : '^*'
STATUS                               NEXT     *      O(") CHARACTER            
    Terminator string : '^*'
RATEID                               NEXT     *      O(") CHARACTER            
    Terminator string : '^*'
PLANID                               NEXT     *      O(") CHARACTER            
    Terminator string : '^*'
REMARK                               NEXT     *      O(") CHARACTER            
    Terminator string : '^*'
REMITSTATUS                          NEXT     *      O(") CHARACTER            
    Terminator string : '^*'
EXTID                                NEXT     *      O(") CHARACTER            
    Terminator string : '^*'
DAYS                                 NEXT     *      O(") CHARACTER            
    Terminator string : '^*'
RATEDAYS                             NEXT     *      O(") CHARACTER            
    Terminator string : '^*'
LOANACCOUNTCODE                      NEXT     *      O(") CHARACTER            
    Terminator string : '^*'
REPAY_CONFIRMDETAIL_ID               NEXT     *      O(") CHARACTER            
    Terminator string : '^*'
DATADATE                             NEXT     *      O(") CHARACTER            
    Terminator string : '^*'
    SQL string for column : "(select data_date from etl_control.ctl_general_parameter)"
ETL_DATE                             NEXT     *      O(") CHARACTER            
    Terminator string : '^*'
    SQL string for column : "sysdate "

value used for ROWS parameter changed from 64 to 31
SQL*Loader-500: Unable to open file (/dw-data/AICS/20190416/csv/20190416-InvestProfitDetail.csv)
SQL*Loader-553: file not found
SQL*Loader-509: System error: No such file or directory
SQL*Loader-2026: the load was aborted because SQL Loader cannot continue.

Table AICS_INVEST_PROFITDETAIL:
  0 Rows successfully loaded.
  0 Rows not loaded due to data errors.
  0 Rows not loaded because all WHEN clauses were failed.
  0 Rows not loaded because all fields were null.


Space allocated for bind array:                 255936 bytes(31 rows)
Read   buffer bytes: 1048576

Total logical records skipped:          0
Total logical records read:             0
Total logical records rejected:         0
Total logical records discarded:        0

Run began on Tue Apr 23 10:13:56 2019
Run ended on Tue Apr 23 10:13:56 2019

Elapsed time was:     00:00:00.05
CPU time was:         00:00:00.02
