
SQL*Loader: Release 12.2.0.1.0 - Production on Tue Apr 23 10:13:56 2019

Copyright (c) 1982, 2017, Oracle and/or its affiliates.  All rights reserved.

Control File:   /dw-data/AICS/control/AICS_REPAY_CONFIRM.ctl
Data File:      /dw-data/AICS/20190416/csv/20190416-RepayConfirm.csv
  Bad File:     /dw-data/AICS/20190416/bad/AICS_REPAY_CONFIRM.bad
  Discard File:  none specified
 
 (Allow all discards)

Number to load: ALL
Number to skip: 1
Errors allowed: 50
Bind array:     64 rows, maximum of 256000 bytes
Continuation:    none specified
Path used:      Conventional

Table AICS_REPAY_CONFIRM, loaded from every logical record.
Insert option in effect for this table: TRUNCATE
TRAILING NULLCOLS option in effect

   Column Name                  Position   Len  Term Encl Datatype
------------------------------ ---------- ----- ---- ---- ---------------------
VIRTUAL_COLUM                       FIRST     *      O(") CHARACTER            
  (FILLER FIELD)
    Terminator string : '^*'
CONFIRMID                            NEXT     *      O(") CHARACTER            
    Terminator string : '^*'
APPROVEID                            NEXT     *      O(") CHARACTER            
    Terminator string : '^*'
ARRIVALID                            NEXT     *      O(") CHARACTER            
    Terminator string : '^*'
PROJECTCODE                          NEXT     *      O(") CHARACTER            
    Terminator string : '^*'
REPAY_TYPE                           NEXT     *      O(") CHARACTER            
    Terminator string : '^*'
END_DATA_DATE                        NEXT     *      O(") DATE YYYY-MM-DD HH24:MI:SS
    Terminator string : '^*'
LIQUIDATE_UNIT                       NEXT     *      O(") CHARACTER            
    Terminator string : '^*'
LIQUIDATE_TYPE                       NEXT     *      O(") CHARACTER            
    Terminator string : '^*'
PAY_TYPE                             NEXT     *      O(") CHARACTER            
    Terminator string : '^*'
PLAN_NAME                            NEXT     *      O(") CHARACTER            
    Terminator string : '^*'
ISLOAN                               NEXT     *      O(") CHARACTER            
    Terminator string : '^*'
SOURCE                               NEXT     *      O(") CHARACTER            
    Terminator string : '^*'
SOURCE_CODE                          NEXT     *      O(") CHARACTER            
    Terminator string : '^*'
SERVICE_FREE                         NEXT     *      O(") CHARACTER            
    Terminator string : '^*'
BAIL_TYPE                            NEXT     *      O(") CHARACTER            
    Terminator string : '^*'
PAYER_NAME                           NEXT     *      O(") CHARACTER            
    Terminator string : '^*'
CONTRACT_TYPE                        NEXT     *      O(") CHARACTER            
    Terminator string : '^*'
CONTRACT_ID                          NEXT     *      O(") CHARACTER            
    Terminator string : '^*'
DELIST                               NEXT     *      O(") CHARACTER            
    Terminator string : '^*'
ISBAILTOFEE                          NEXT     *      O(") CHARACTER            
    Terminator string : '^*'
DISTRIBUTIONORDER                    NEXT     *      O(") CHARACTER            
    Terminator string : '^*'
STATUS                               NEXT     *      O(") CHARACTER            
    Terminator string : '^*'
USERID                               NEXT     *      O(") CHARACTER            
    Terminator string : '^*'
ORGID                                NEXT     *      O(") CHARACTER            
    Terminator string : '^*'
CONFIRM_DATE                         NEXT     *      O(") DATE YYYY-MM-DD HH24:MI:SS
    Terminator string : '^*'
PROCESS_INSTANCEID                   NEXT     *      O(") CHARACTER            
    Terminator string : '^*'
ISDIRECT                             NEXT     *      O(") CHARACTER            
    Terminator string : '^*'
REPAY_NATURE                         NEXT     *      O(") CHARACTER            
    Terminator string : '^*'
OUT_TAX                              NEXT     *      O(") CHARACTER            
    Terminator string : '^*'
SUMMARYMONEY                         NEXT     *      O(") CHARACTER            
    Terminator string : '^*'
SERVICE_FREE2                        NEXT     *      O(") CHARACTER            
    Terminator string : '^*'
AMOUNT                               NEXT     *      O(") CHARACTER            
    Terminator string : '^*'
INPUTTYPE                            NEXT     *      O(") CHARACTER            
    Terminator string : '^*'
VOUCHERS_STATE                       NEXT     *      O(") CHARACTER            
    Terminator string : '^*'
INCOMETAX_TYPE                       NEXT     *      O(") CHARACTER            
    Terminator string : '^*'
ASSOCIATED_ASSET_ID                  NEXT     *      O(") CHARACTER            
    Terminator string : '^*'
DEBT_SETTLEMENT                      NEXT     *      O(") CHARACTER            
    Terminator string : '^*'
APPROVE_NO                           NEXT     *      O(") CHARACTER            
    Terminator string : '^*'
DATADATE                             NEXT     *      O(") CHARACTER            
    Terminator string : '^*'
    SQL string for column : "(select data_date from etl_control.ctl_general_parameter)"
ETL_DATE                             NEXT     *      O(") CHARACTER            
    Terminator string : '^*'
    SQL string for column : "sysdate "

value used for ROWS parameter changed from 64 to 24
SQL*Loader-500: Unable to open file (/dw-data/AICS/20190416/csv/20190416-RepayConfirm.csv)
SQL*Loader-553: file not found
SQL*Loader-509: System error: No such file or directory
SQL*Loader-2026: the load was aborted because SQL Loader cannot continue.

Table AICS_REPAY_CONFIRM:
  0 Rows successfully loaded.
  0 Rows not loaded due to data errors.
  0 Rows not loaded because all WHEN clauses were failed.
  0 Rows not loaded because all fields were null.


Space allocated for bind array:                 247680 bytes(24 rows)
Read   buffer bytes: 1048576

Total logical records skipped:          0
Total logical records read:             0
Total logical records rejected:         0
Total logical records discarded:        0

Run began on Tue Apr 23 10:13:56 2019
Run ended on Tue Apr 23 10:13:56 2019

Elapsed time was:     00:00:00.05
CPU time was:         00:00:00.02
