
SQL*Loader: Release 12.2.0.1.0 - Production on Tue Jan 15 18:25:12 2019

Copyright (c) 1982, 2017, Oracle and/or its affiliates.  All rights reserved.

Control File:   /dw-data/EBS-DATA/control/EBS_GL_LEDGERS_LINE.ctl
Data File:      /dw-data/EBS-DATA/20190103/csv/20190103_gl_ledgers_201812.csv
  Bad File:     /dw-data/EBS-DATA/20190103/bad/EBS_GL_LEDGERS_LINE.bad
  Discard File:  none specified
 
 (Allow all discards)

Number to load: ALL
Number to skip: 1
Errors allowed: 50
Bind array:     64 rows, maximum of 256000 bytes
Continuation:    none specified
Path used:      Conventional

Table EBS_GL_LEDGERS_LINE, loaded from every logical record.
Insert option in effect for this table: TRUNCATE
TRAILING NULLCOLS option in effect

   Column Name                  Position   Len  Term Encl Datatype
------------------------------ ---------- ----- ---- ---- ---------------------
REPORT_ID                           FIRST     *   ,  O(") CHARACTER            
LEDGER_ID                            NEXT     *   ,  O(") CHARACTER            
NAME                                 NEXT     *   ,  O(") CHARACTER            
SHORT_NAME                           NEXT     *   ,  O(") CHARACTER            
DESCRIPTION                          NEXT     *   ,  O(") CHARACTER            
LEDGER_CATEGORY_CODE                 NEXT     *   ,  O(") CHARACTER            
ALC_LEDGER_TYPE_CODE                 NEXT     *   ,  O(") CHARACTER            
OBJECT_TYPE_CODE                     NEXT     *   ,  O(") CHARACTER            
LE_LEDGER_TYPE_CODE                  NEXT     *   ,  O(") CHARACTER            
COMPLETION_STATUS_CODE               NEXT     *   ,  O(") CHARACTER            
CONFIGURATION_ID                     NEXT     *   ,  O(") CHARACTER            
CHART_OF_ACCOUNTS_ID                 NEXT     *   ,  O(") CHARACTER            
CURRENCY_CODE                        NEXT     *   ,  O(") CHARACTER            
PERIOD_SET_NAME                      NEXT     *   ,  O(") CHARACTER            
ACCOUNTED_PERIOD_TYPE                NEXT     *   ,  O(") CHARACTER            
FIRST_LEDGER_PERIOD_NAME             NEXT     *   ,  O(") CHARACTER            
RET_EARN_CODE_COMBINATION_ID         NEXT     *   ,  O(") CHARACTER            
SUSPENSE_ALLOWED_FLAG                NEXT     *   ,  O(") CHARACTER            
ALLOW_INTERCOMPANY_POST_FLAG         NEXT     *   ,  O(") CHARACTER            
TRACK_ROUNDING_IMBALANCE_FLAG        NEXT     *   ,  O(") CHARACTER            
ENABLE_AVERAGE_BALANCES_FLAG         NEXT     *   ,  O(") CHARACTER            
CUM_TRANS_CODE_COMBINATION_ID        NEXT     *   ,  O(") CHARACTER            
RES_ENCUMB_CODE_COMBINATION_ID       NEXT     *   ,  O(") CHARACTER            
NET_INCOME_CODE_COMBINATION_ID       NEXT     *   ,  O(") CHARACTER            
ROUNDING_CODE_COMBINATION_ID         NEXT     *   ,  O(") CHARACTER            
ENABLE_BUDGETARY_CONTROL_FLAG        NEXT     *   ,  O(") CHARACTER            
REQUIRE_BUDGET_JOURNALS_FLAG         NEXT     *   ,  O(") CHARACTER            
ENABLE_JE_APPROVAL_FLAG              NEXT     *   ,  O(") CHARACTER            
ENABLE_AUTOMATIC_TAX_FLAG            NEXT     *   ,  O(") CHARACTER            
CONSOLIDATION_LEDGER_FLAG            NEXT     *   ,  O(") CHARACTER            
TRANSLATE_EOD_FLAG                   NEXT     *   ,  O(") CHARACTER            
TRANSLATE_QATD_FLAG                  NEXT     *   ,  O(") CHARACTER            
TRANSLATE_YATD_FLAG                  NEXT     *   ,  O(") CHARACTER            
TRANSACTION_CALENDAR_ID              NEXT     *   ,  O(") CHARACTER            
DAILY_TRANSLATION_RATE_TYPE          NEXT     *   ,  O(") CHARACTER            
AUTOMATICALLY_CREATED_FLAG           NEXT     *   ,  O(") CHARACTER            
BAL_SEG_VALUE_OPTION_CODE            NEXT     *   ,  O(") CHARACTER            
BAL_SEG_COLUMN_NAME                  NEXT     *   ,  O(") CHARACTER            
MGT_SEG_VALUE_OPTION_CODE            NEXT     *   ,  O(") CHARACTER            
MGT_SEG_COLUMN_NAME                  NEXT     *   ,  O(") CHARACTER            
BAL_SEG_VALUE_SET_ID                 NEXT     *   ,  O(") CHARACTER            
MGT_SEG_VALUE_SET_ID                 NEXT     *   ,  O(") CHARACTER            
IMPLICIT_ACCESS_SET_ID               NEXT     *   ,  O(") CHARACTER            
CRITERIA_SET_ID                      NEXT     *   ,  O(") CHARACTER            
FUTURE_ENTERABLE_PERIODS_LIMIT       NEXT     *   ,  O(") CHARACTER            
LEDGER_ATTRIBUTES                    NEXT     *   ,  O(") CHARACTER            
IMPLICIT_LEDGER_SET_ID               NEXT     *   ,  O(") CHARACTER            
LATEST_OPENED_PERIOD_NAME            NEXT     *   ,  O(") CHARACTER            
LATEST_ENCUMBRANCE_YEAR              NEXT     *   ,  O(") CHARACTER            
PERIOD_AVERAGE_RATE_TYPE             NEXT     *   ,  O(") CHARACTER            
PERIOD_END_RATE_TYPE                 NEXT     *   ,  O(") CHARACTER            
BUDGET_PERIOD_AVG_RATE_TYPE          NEXT     *   ,  O(") CHARACTER            
BUDGET_PERIOD_END_RATE_TYPE          NEXT     *   ,  O(") CHARACTER            
SLA_ACCOUNTING_METHOD_CODE           NEXT     *   ,  O(") CHARACTER            
SLA_ACCOUNTING_METHOD_TYPE           NEXT     *   ,  O(") CHARACTER            
SLA_DESCRIPTION_LANGUAGE             NEXT     *   ,  O(") CHARACTER            
SLA_ENTERED_CUR_BAL_SUS_CCID         NEXT     *   ,  O(") CHARACTER            
SLA_SEQUENCING_FLAG                  NEXT     *   ,  O(") CHARACTER            
SLA_BAL_BY_LEDGER_CURR_FLAG          NEXT     *   ,  O(") CHARACTER            
SLA_LEDGER_CUR_BAL_SUS_CCID          NEXT     *   ,  O(") CHARACTER            
ENABLE_SECONDARY_TRACK_FLAG          NEXT     *   ,  O(") CHARACTER            
ENABLE_REVAL_SS_TRACK_FLAG           NEXT     *   ,  O(") CHARACTER            
LAST_UPDATE_DATE                     NEXT     *   ,  O(") DATE DD-MM-YY        
LAST_UPDATED_BY                      NEXT     *   ,  O(") CHARACTER            
CREATION_DATE                        NEXT     *   ,  O(") DATE DD-MM-YY        
CREATED_BY                           NEXT     *   ,  O(") CHARACTER            
LAST_UPDATE_LOGIN                    NEXT     *   ,  O(") CHARACTER            
CONTEXT                              NEXT     *   ,  O(") CHARACTER            
ATTRIBUTE1                           NEXT     *   ,  O(") CHARACTER            
ATTRIBUTE2                           NEXT     *   ,  O(") CHARACTER            
ATTRIBUTE3                           NEXT     *   ,  O(") CHARACTER            
ATTRIBUTE4                           NEXT     *   ,  O(") CHARACTER            
ATTRIBUTE5                           NEXT     *   ,  O(") CHARACTER            
ATTRIBUTE6                           NEXT     *   ,  O(") CHARACTER            
ATTRIBUTE7                           NEXT     *   ,  O(") CHARACTER            
ATTRIBUTE8                           NEXT     *   ,  O(") CHARACTER            
ATTRIBUTE9                           NEXT     *   ,  O(") CHARACTER            
ATTRIBUTE10                          NEXT     *   ,  O(") CHARACTER            
ATTRIBUTE11                          NEXT     *   ,  O(") CHARACTER            
ATTRIBUTE12                          NEXT     *   ,  O(") CHARACTER            
ATTRIBUTE13                          NEXT     *   ,  O(") CHARACTER            
ATTRIBUTE14                          NEXT     *   ,  O(") CHARACTER            
ATTRIBUTE15                          NEXT     *   ,  O(") CHARACTER            
ENABLE_RECONCILIATION_FLAG           NEXT     *   ,  O(") CHARACTER            
CREATE_JE_FLAG                       NEXT     *   ,  O(") CHARACTER            
SLA_LEDGER_CASH_BASIS_FLAG           NEXT     *   ,  O(") CHARACTER            
COMPLETE_FLAG                        NEXT     *   ,  O(") CHARACTER            
COMMITMENT_BUDGET_FLAG               NEXT     *   ,  O(") CHARACTER            
NET_CLOSING_BAL_FLAG                 NEXT     *   ,  O(") CHARACTER            
AUTOMATE_SEC_JRNL_REV_FLAG           NEXT     *   ,  O(") CHARACTER            
DATA_DATE                            NEXT     *   ,  O(") CHARACTER            
    SQL string for column : "(select data_date from etl_control.ctl_general_parameter)"
ETL_DATE                             NEXT     *   ,  O(") CHARACTER            
    SQL string for column : "sysdate "

value used for ROWS parameter changed from 64 to 10

Table EBS_GL_LEDGERS_LINE:
  5 Rows successfully loaded.
  0 Rows not loaded due to data errors.
  0 Rows not loaded because all WHEN clauses were failed.
  0 Rows not loaded because all fields were null.


Space allocated for bind array:                 237360 bytes(10 rows)
Read   buffer bytes: 1048576

Total logical records skipped:          1
Total logical records read:             5
Total logical records rejected:         0
Total logical records discarded:        0

Run began on Tue Jan 15 18:25:12 2019
Run ended on Tue Jan 15 18:25:12 2019

Elapsed time was:     00:00:00.06
CPU time was:         00:00:00.02
