
SQL*Loader: Release 12.2.0.1.0 - Production on Wed Jan 16 15:37:43 2019

Copyright (c) 1982, 2017, Oracle and/or its affiliates.  All rights reserved.

Control File:   /dw-data/EBS-REPORT/control/EBS_BSSHEET_LINE.ctl
Data File:      /dw-data/EBS-REPORT/20190116/csv/20190116_bssheet_2018-12.csv
  Bad File:     /dw-data/EBS-REPORT/20190116/bad/EBS_BSSHEET_LINE_2018-12.bad
  Discard File:  none specified
 
 (Allow all discards)

Number to load: ALL
Number to skip: 1
Errors allowed: 50
Bind array:     64 rows, maximum of 256000 bytes
Continuation:    none specified
Path used:      Conventional

Table EBS_BSSHEET_LINE, loaded from every logical record.
Insert option in effect for this table: APPEND
TRAILING NULLCOLS option in effect

   Column Name                  Position   Len  Term Encl Datatype
------------------------------ ---------- ----- ---- ---- ---------------------
REPORT_ID                           FIRST     *      O(") CHARACTER            
    Terminator string : '^*'
ITEM_NAME                            NEXT     *      O(") CHARACTER            
    Terminator string : '^*'
LINE_NUM                             NEXT     *      O(") CHARACTER            
    Terminator string : '^*'
BEGINNING_BALANCES                   NEXT     *      O(") CHARACTER            
    Terminator string : '^*'
    SQL string for column : "to_number(:BEGINNING_BALANCES)"
ENDING_BALANCES                      NEXT     *      O(") CHARACTER            
    Terminator string : '^*'
    SQL string for column : "to_number(:ENDING_BALANCES)"
ETL_DATE                             NEXT     *      O(") CHARACTER            
    Terminator string : '^*'
    SQL string for column : "sysdate"
PERIOD_DATE                          NEXT     *      O(") CHARACTER            
    Terminator string : '^*'
    SQL string for column : "'2018-12'"
DATA_DATE                            NEXT     *      O(") CHARACTER            
    Terminator string : '^*'
    SQL string for column : "(select data_date from etl_control.ctl_general_parameter)"


Table EBS_BSSHEET_LINE:
  60 Rows successfully loaded.
  0 Rows not loaded due to data errors.
  0 Rows not loaded because all WHEN clauses were failed.
  0 Rows not loaded because all fields were null.


Space allocated for bind array:                 132096 bytes(64 rows)
Read   buffer bytes: 1048576

Total logical records skipped:          1
Total logical records read:            60
Total logical records rejected:         0
Total logical records discarded:        0

Run began on Wed Jan 16 15:37:43 2019
Run ended on Wed Jan 16 15:37:43 2019

Elapsed time was:     00:00:00.04
CPU time was:         00:00:00.02
