
SQL*Loader: Release 12.2.0.1.0 - Production on Wed Mar 6 10:03:32 2019

Copyright (c) 1982, 2017, Oracle and/or its affiliates.  All rights reserved.

Control File:   /dw-data/AICS/control/AICS_SECURITY_PRICE_HIS.ctl
Data File:      /dw-data/AICS/20190301/csv/20190301-SecurityPriceHis.csv
  Bad File:     /dw-data/AICS/20190301/bad/AICS_SECURITY_PRICE_HIS.bad
  Discard File:  none specified
 
 (Allow all discards)

Number to load: ALL
Number to skip: 0
Errors allowed: 50
Bind array:     64 rows, maximum of 256000 bytes
Continuation:    none specified
Path used:      Conventional

Table AICS_SECURITY_PRICE_HIS, loaded from every logical record.
Insert option in effect for this table: TRUNCATE
TRAILING NULLCOLS option in effect

   Column Name                  Position   Len  Term Encl Datatype
------------------------------ ---------- ----- ---- ---- ---------------------
SECURITY                            FIRST    32      O(") CHARACTER            
    Terminator string : '^*'
EFFECTIVE_DATE                       NEXT     *      O(") DATE YYYY-MM-DD HH24:MI:SS
    Terminator string : '^*'
CLOSING_PRICE                        NEXT     *      O(") CHARACTER            
    Terminator string : '^*'
DIRTY_PRICE                          NEXT     *      O(") CHARACTER            
    Terminator string : '^*'
CLOSING_ASK_PRICE                    NEXT     *      O(") CHARACTER            
    Terminator string : '^*'
CLOSING_BID_PRICE                    NEXT     *      O(") CHARACTER            
    Terminator string : '^*'
LSTMNTUSER                           NEXT    32      O(") CHARACTER            
    Terminator string : '^*'
LSTMNTTIME                           NEXT     *      O(") DATE YYYY-MM-DD HH24:MI:SS
    Terminator string : '^*'
PRECLOSING_PRICE                     NEXT     *      O(") CHARACTER            
    Terminator string : '^*'
OPEN_PRICE                           NEXT     *      O(") CHARACTER            
    Terminator string : '^*'
DAILY_PROFIT                         NEXT     *      O(") CHARACTER            
    Terminator string : '^*'
MAX_PRICE                            NEXT     *      O(") CHARACTER            
    Terminator string : '^*'
MIN_PRICE                            NEXT     *      O(") CHARACTER            
    Terminator string : '^*'
TURNOVER                             NEXT     *      O(") CHARACTER            
    Terminator string : '^*'
TURNOVER_AMT                         NEXT     *      O(") CHARACTER            
    Terminator string : '^*'
UNITNV                               NEXT     *      O(") CHARACTER            
    Terminator string : '^*'
LATESTWEEKLYYIELD                    NEXT     *      O(") CHARACTER            
    Terminator string : '^*'
CATEGORY                             NEXT    32      O(") CHARACTER            
    Terminator string : '^*'
NET_CHANGE                           NEXT     *      O(") CHARACTER            
    Terminator string : '^*'
CHANGE                               NEXT     *      O(") CHARACTER            
    Terminator string : '^*'
F_5MA                                NEXT     *      O(") CHARACTER            
    Terminator string : '^*'
F_20MA                               NEXT     *      O(") CHARACTER            
    Terminator string : '^*'
MARKETISSUE                          NEXT     8      O(") CHARACTER            
    Terminator string : '^*'
YTM                                  NEXT     *      O(") CHARACTER            
    Terminator string : '^*'
DATADATE                             NEXT     *      O(") CHARACTER            
    Terminator string : '^*'
    SQL string for column : "(select data_date from etl_control.ctl_general_parameter)"

value used for ROWS parameter changed from 64 to 46

Table AICS_SECURITY_PRICE_HIS:
  3 Rows successfully loaded.
  0 Rows not loaded due to data errors.
  0 Rows not loaded because all WHEN clauses were failed.
  0 Rows not loaded because all fields were null.


Space allocated for bind array:                 254380 bytes(46 rows)
Read   buffer bytes: 1048576

Total logical records skipped:          0
Total logical records read:             3
Total logical records rejected:         0
Total logical records discarded:        0

Run began on Wed Mar 06 10:03:32 2019
Run ended on Wed Mar 06 10:03:32 2019

Elapsed time was:     00:00:00.05
CPU time was:         00:00:00.02
