
SQL*Loader: Release 12.2.0.1.0 - Production on Wed Mar 6 10:03:29 2019

Copyright (c) 1982, 2017, Oracle and/or its affiliates.  All rights reserved.

Control File:   /dw-data/AICS/control/AICS_ASSET_LOANACCOUNT.ctl
Data File:      /dw-data/AICS/20190301/csv/20190301-AssetLoanaccount.csv
  Bad File:     /dw-data/AICS/20190301/bad/AICS_ASSET_LOANACCOUNT.bad
  Discard File:  none specified
 
 (Allow all discards)

Number to load: ALL
Number to skip: 0
Errors allowed: 50
Bind array:     64 rows, maximum of 256000 bytes
Continuation:    none specified
Path used:      Conventional

Table AICS_ASSET_LOANACCOUNT, loaded from every logical record.
Insert option in effect for this table: TRUNCATE
TRAILING NULLCOLS option in effect

   Column Name                  Position   Len  Term Encl Datatype
------------------------------ ---------- ----- ---- ---- ---------------------
PROJECTCODE                         FIRST     *      O(") CHARACTER            
    Terminator string : '^*'
SUBPROJECTCODE                       NEXT     *      O(") CHARACTER            
    Terminator string : '^*'
LOANACCOUNTCODE                      NEXT     *      O(") CHARACTER            
    Terminator string : '^*'
INIT_BALANCE                         NEXT     *      O(") CHARACTER            
    Terminator string : '^*'
CURRENT_BALANCE                      NEXT     *      O(") CHARACTER            
    Terminator string : '^*'
FROZEN_BALANCE                       NEXT     *      O(") CHARACTER            
    Terminator string : '^*'
UNFROZEN_BALANCE                     NEXT     *      O(") CHARACTER            
    Terminator string : '^*'
CURRENT_ASSETCOST                    NEXT     *      O(") CHARACTER            
    Terminator string : '^*'
MONEYTYPE                            NEXT     *      O(") CHARACTER            
    Terminator string : '^*'
CREATEUSER                           NEXT     *      O(") CHARACTER            
    Terminator string : '^*'
CREATETIME                           NEXT     *      O(") DATE YYYY-MM-DD HH24:MI:SS
    Terminator string : '^*'
UPDATEUSER                           NEXT     *      O(") CHARACTER            
    Terminator string : '^*'
UPDATETIME                           NEXT     *      O(") DATE YYYY-MM-DD HH24:MI:SS
    Terminator string : '^*'
DATADATE                             NEXT     *      O(") CHARACTER            
    Terminator string : '^*'
    SQL string for column : "(select data_date from etl_control.ctl_general_parameter)"
ETL_DATE                             NEXT     *      O(") CHARACTER            
    Terminator string : '^*'
    SQL string for column : "sysdate "

Record 21: Rejected - Error on table AICS_ASSET_LOANACCOUNT.
ORA-00001: unique constraint (SRC_LAYER.LOANACCOUNTCODE_DATADATE) violated

Record 22: Rejected - Error on table AICS_ASSET_LOANACCOUNT.
ORA-00001: unique constraint (SRC_LAYER.LOANACCOUNTCODE_DATADATE) violated

Record 23: Rejected - Error on table AICS_ASSET_LOANACCOUNT.
ORA-00001: unique constraint (SRC_LAYER.LOANACCOUNTCODE_DATADATE) violated

Record 24: Rejected - Error on table AICS_ASSET_LOANACCOUNT.
ORA-00001: unique constraint (SRC_LAYER.LOANACCOUNTCODE_DATADATE) violated

Record 25: Rejected - Error on table AICS_ASSET_LOANACCOUNT.
ORA-00001: unique constraint (SRC_LAYER.LOANACCOUNTCODE_DATADATE) violated

Record 26: Rejected - Error on table AICS_ASSET_LOANACCOUNT.
ORA-00001: unique constraint (SRC_LAYER.LOANACCOUNTCODE_DATADATE) violated

Record 27: Rejected - Error on table AICS_ASSET_LOANACCOUNT.
ORA-00001: unique constraint (SRC_LAYER.LOANACCOUNTCODE_DATADATE) violated

Record 28: Rejected - Error on table AICS_ASSET_LOANACCOUNT.
ORA-00001: unique constraint (SRC_LAYER.LOANACCOUNTCODE_DATADATE) violated

Record 29: Rejected - Error on table AICS_ASSET_LOANACCOUNT.
ORA-00001: unique constraint (SRC_LAYER.LOANACCOUNTCODE_DATADATE) violated

Record 30: Rejected - Error on table AICS_ASSET_LOANACCOUNT.
ORA-00001: unique constraint (SRC_LAYER.LOANACCOUNTCODE_DATADATE) violated

Record 31: Rejected - Error on table AICS_ASSET_LOANACCOUNT.
ORA-00001: unique constraint (SRC_LAYER.LOANACCOUNTCODE_DATADATE) violated

Record 32: Rejected - Error on table AICS_ASSET_LOANACCOUNT.
ORA-00001: unique constraint (SRC_LAYER.LOANACCOUNTCODE_DATADATE) violated

Record 33: Rejected - Error on table AICS_ASSET_LOANACCOUNT.
ORA-00001: unique constraint (SRC_LAYER.LOANACCOUNTCODE_DATADATE) violated

Record 34: Rejected - Error on table AICS_ASSET_LOANACCOUNT.
ORA-00001: unique constraint (SRC_LAYER.LOANACCOUNTCODE_DATADATE) violated

Record 35: Rejected - Error on table AICS_ASSET_LOANACCOUNT.
ORA-00001: unique constraint (SRC_LAYER.LOANACCOUNTCODE_DATADATE) violated

Record 36: Rejected - Error on table AICS_ASSET_LOANACCOUNT.
ORA-00001: unique constraint (SRC_LAYER.LOANACCOUNTCODE_DATADATE) violated

Record 37: Rejected - Error on table AICS_ASSET_LOANACCOUNT.
ORA-00001: unique constraint (SRC_LAYER.LOANACCOUNTCODE_DATADATE) violated

Record 38: Rejected - Error on table AICS_ASSET_LOANACCOUNT.
ORA-00001: unique constraint (SRC_LAYER.LOANACCOUNTCODE_DATADATE) violated

Record 39: Rejected - Error on table AICS_ASSET_LOANACCOUNT.
ORA-00001: unique constraint (SRC_LAYER.LOANACCOUNTCODE_DATADATE) violated

Record 40: Rejected - Error on table AICS_ASSET_LOANACCOUNT.
ORA-00001: unique constraint (SRC_LAYER.LOANACCOUNTCODE_DATADATE) violated

Record 41: Rejected - Error on table AICS_ASSET_LOANACCOUNT.
ORA-00001: unique constraint (SRC_LAYER.LOANACCOUNTCODE_DATADATE) violated

Record 42: Rejected - Error on table AICS_ASSET_LOANACCOUNT.
ORA-00001: unique constraint (SRC_LAYER.LOANACCOUNTCODE_DATADATE) violated

Record 43: Rejected - Error on table AICS_ASSET_LOANACCOUNT.
ORA-00001: unique constraint (SRC_LAYER.LOANACCOUNTCODE_DATADATE) violated

Record 44: Rejected - Error on table AICS_ASSET_LOANACCOUNT.
ORA-00001: unique constraint (SRC_LAYER.LOANACCOUNTCODE_DATADATE) violated

Record 45: Rejected - Error on table AICS_ASSET_LOANACCOUNT.
ORA-00001: unique constraint (SRC_LAYER.LOANACCOUNTCODE_DATADATE) violated

Record 46: Rejected - Error on table AICS_ASSET_LOANACCOUNT.
ORA-00001: unique constraint (SRC_LAYER.LOANACCOUNTCODE_DATADATE) violated

Record 47: Rejected - Error on table AICS_ASSET_LOANACCOUNT.
ORA-00001: unique constraint (SRC_LAYER.LOANACCOUNTCODE_DATADATE) violated

Record 48: Rejected - Error on table AICS_ASSET_LOANACCOUNT.
ORA-00001: unique constraint (SRC_LAYER.LOANACCOUNTCODE_DATADATE) violated

Record 49: Rejected - Error on table AICS_ASSET_LOANACCOUNT.
ORA-00001: unique constraint (SRC_LAYER.LOANACCOUNTCODE_DATADATE) violated

Record 50: Rejected - Error on table AICS_ASSET_LOANACCOUNT.
ORA-00001: unique constraint (SRC_LAYER.LOANACCOUNTCODE_DATADATE) violated

Record 51: Rejected - Error on table AICS_ASSET_LOANACCOUNT.
ORA-00001: unique constraint (SRC_LAYER.LOANACCOUNTCODE_DATADATE) violated

Record 52: Rejected - Error on table AICS_ASSET_LOANACCOUNT.
ORA-00001: unique constraint (SRC_LAYER.LOANACCOUNTCODE_DATADATE) violated

Record 53: Rejected - Error on table AICS_ASSET_LOANACCOUNT.
ORA-00001: unique constraint (SRC_LAYER.LOANACCOUNTCODE_DATADATE) violated

Record 54: Rejected - Error on table AICS_ASSET_LOANACCOUNT.
ORA-00001: unique constraint (SRC_LAYER.LOANACCOUNTCODE_DATADATE) violated

Record 55: Rejected - Error on table AICS_ASSET_LOANACCOUNT.
ORA-00001: unique constraint (SRC_LAYER.LOANACCOUNTCODE_DATADATE) violated

Record 56: Rejected - Error on table AICS_ASSET_LOANACCOUNT.
ORA-00001: unique constraint (SRC_LAYER.LOANACCOUNTCODE_DATADATE) violated

Record 57: Rejected - Error on table AICS_ASSET_LOANACCOUNT.
ORA-00001: unique constraint (SRC_LAYER.LOANACCOUNTCODE_DATADATE) violated

Record 58: Rejected - Error on table AICS_ASSET_LOANACCOUNT.
ORA-00001: unique constraint (SRC_LAYER.LOANACCOUNTCODE_DATADATE) violated

Record 59: Rejected - Error on table AICS_ASSET_LOANACCOUNT.
ORA-00001: unique constraint (SRC_LAYER.LOANACCOUNTCODE_DATADATE) violated

Record 60: Rejected - Error on table AICS_ASSET_LOANACCOUNT.
ORA-00001: unique constraint (SRC_LAYER.LOANACCOUNTCODE_DATADATE) violated

Record 61: Rejected - Error on table AICS_ASSET_LOANACCOUNT.
ORA-00001: unique constraint (SRC_LAYER.LOANACCOUNTCODE_DATADATE) violated

Record 62: Rejected - Error on table AICS_ASSET_LOANACCOUNT.
ORA-00001: unique constraint (SRC_LAYER.LOANACCOUNTCODE_DATADATE) violated

Record 63: Rejected - Error on table AICS_ASSET_LOANACCOUNT.
ORA-00001: unique constraint (SRC_LAYER.LOANACCOUNTCODE_DATADATE) violated

Record 64: Rejected - Error on table AICS_ASSET_LOANACCOUNT.
ORA-00001: unique constraint (SRC_LAYER.LOANACCOUNTCODE_DATADATE) violated

Record 65: Rejected - Error on table AICS_ASSET_LOANACCOUNT.
ORA-00001: unique constraint (SRC_LAYER.LOANACCOUNTCODE_DATADATE) violated

Record 66: Rejected - Error on table AICS_ASSET_LOANACCOUNT.
ORA-00001: unique constraint (SRC_LAYER.LOANACCOUNTCODE_DATADATE) violated

Record 67: Rejected - Error on table AICS_ASSET_LOANACCOUNT.
ORA-00001: unique constraint (SRC_LAYER.LOANACCOUNTCODE_DATADATE) violated

Record 68: Rejected - Error on table AICS_ASSET_LOANACCOUNT.
ORA-00001: unique constraint (SRC_LAYER.LOANACCOUNTCODE_DATADATE) violated

Record 69: Rejected - Error on table AICS_ASSET_LOANACCOUNT.
ORA-00001: unique constraint (SRC_LAYER.LOANACCOUNTCODE_DATADATE) violated

Record 70: Rejected - Error on table AICS_ASSET_LOANACCOUNT.
ORA-00001: unique constraint (SRC_LAYER.LOANACCOUNTCODE_DATADATE) violated

Record 71: Rejected - Error on table AICS_ASSET_LOANACCOUNT.
ORA-00001: unique constraint (SRC_LAYER.LOANACCOUNTCODE_DATADATE) violated


MAXIMUM ERROR COUNT EXCEEDED - Above statistics reflect partial run.

Table AICS_ASSET_LOANACCOUNT:
  20 Rows successfully loaded.
  51 Rows not loaded due to data errors.
  0 Rows not loaded because all WHEN clauses were failed.
  0 Rows not loaded because all fields were null.


Space allocated for bind array:                 247680 bytes(64 rows)
Read   buffer bytes: 1048576

Total logical records skipped:          0
Total logical records read:            80
Total logical records rejected:        51
Total logical records discarded:        0

Run began on Wed Mar 06 10:03:29 2019
Run ended on Wed Mar 06 10:03:29 2019

Elapsed time was:     00:00:00.09
CPU time was:         00:00:00.02
