
SQL*Loader: Release 12.2.0.1.0 - Production on Wed Mar 6 10:03:30 2019

Copyright (c) 1982, 2017, Oracle and/or its affiliates.  All rights reserved.

Control File:   /dw-data/AICS/control/AICS_EQUITY_ASSETS_INFO.ctl
Data File:      /dw-data/AICS/20190301/csv/20190301-EquityAssetInfo.csv
  Bad File:     /dw-data/AICS/20190301/bad/AICS_EQUITY_ASSETS_INFO.bad
  Discard File:  none specified
 
 (Allow all discards)

Number to load: ALL
Number to skip: 0
Errors allowed: 50
Bind array:     64 rows, maximum of 256000 bytes
Continuation:    none specified
Path used:      Conventional

Table AICS_EQUITY_ASSETS_INFO, loaded from every logical record.
Insert option in effect for this table: TRUNCATE
TRAILING NULLCOLS option in effect

   Column Name                  Position   Len  Term Encl Datatype
------------------------------ ---------- ----- ---- ---- ---------------------
EQUITYASSETNO                       FIRST     *      O(") CHARACTER            
    Terminator string : '^*'
EQUITYASSETNAME                      NEXT     *      O(") CHARACTER            
    Terminator string : '^*'
PROJECTCODE                          NEXT     *      O(") CHARACTER            
    Terminator string : '^*'
ASSETHOLDER                          NEXT     *      O(") CHARACTER            
    Terminator string : '^*'
EQUITYNATURE                         NEXT     *      O(") CHARACTER            
    Terminator string : '^*'
EQUITYBALANCE                        NEXT     *      O(") CHARACTER            
    Terminator string : '^*'
STOCKAMOUNT                          NEXT     *      O(") CHARACTER            
    Terminator string : '^*'
EQUITYRATIO                          NEXT     *      O(") CHARACTER            
    Terminator string : '^*'
EQUITYSTATUS                         NEXT     *      O(") CHARACTER            
    Terminator string : '^*'
CHECKFLAG                            NEXT     *      O(") CHARACTER            
    Terminator string : '^*'
MARKETTYPE                           NEXT     *      O(") CHARACTER            
    Terminator string : '^*'
ENTERPRISE                           NEXT     *      O(") CHARACTER            
    Terminator string : '^*'
INVESTINDUSTRY                       NEXT     *      O(") CHARACTER            
    Terminator string : '^*'
CYKIND                               NEXT     *      O(") CHARACTER            
    Terminator string : '^*'
INVESTBALANCE                        NEXT     *      O(") CHARACTER            
    Terminator string : '^*'
REMARK                               NEXT     *      O(") CHARACTER            
    Terminator string : '^*'
HELDHANDLESTATUS                     NEXT     *      O(") CHARACTER            
    Terminator string : '^*'
REJECTTYPE                           NEXT     *      O(") CHARACTER            
    Terminator string : '^*'
PROPERTYNATURE                       NEXT     *      O(") CHARACTER            
    Terminator string : '^*'
UPDATEUSER                           NEXT     *      O(") CHARACTER            
    Terminator string : '^*'
ACCOUNTVALUE                         NEXT     *      O(") CHARACTER            
    Terminator string : '^*'
EQUITYASSETCODE                      NEXT     *      O(") CHARACTER            
    Terminator string : '^*'
SHAREHOLDING                         NEXT     *      O(") CHARACTER            
    Terminator string : '^*'
STOCKCODE                            NEXT     *      O(") CHARACTER            
    Terminator string : '^*'
RELEASEDATE                          NEXT     *      O(") DATE YYYY-MM-DD HH24:MI:SS
    Terminator string : '^*'
STOCKNAME                            NEXT     *      O(") CHARACTER            
    Terminator string : '^*'
HOLDINGNUMBER                        NEXT     *      O(") CHARACTER            
    Terminator string : '^*'
CARRYCOST                            NEXT     *      O(") CHARACTER            
    Terminator string : '^*'
CARRYBALANCE                         NEXT     *      O(") CHARACTER            
    Terminator string : '^*'
LATESTBALANCE                        NEXT     *      O(") CHARACTER            
    Terminator string : '^*'
PREDICTYIELD                         NEXT     *      O(") CHARACTER            
    Terminator string : '^*'
PREDICTYIELDLIMIT                    NEXT     *      O(") CHARACTER            
    Terminator string : '^*'
REALINVESTDATE                       NEXT     *      O(") DATE YYYY-MM-DD HH24:MI:SS
    Terminator string : '^*'
SERIALNO                             NEXT     *      O(") CHARACTER            
    Terminator string : '^*'
MAININVESTPART                       NEXT     *      O(") CHARACTER            
    Terminator string : '^*'
PROCESS_INSTANCEID                   NEXT     *      O(") CHARACTER            
    Terminator string : '^*'
DATADATE                             NEXT     *      O(") CHARACTER            
    Terminator string : '^*'
    SQL string for column : "(select data_date from etl_control.ctl_general_parameter)"
ETL_DATE                             NEXT     *      O(") CHARACTER            
    Terminator string : '^*'
    SQL string for column : "sysdate "

value used for ROWS parameter changed from 64 to 26

Table AICS_EQUITY_ASSETS_INFO:
  236 Rows successfully loaded.
  0 Rows not loaded due to data errors.
  0 Rows not loaded because all WHEN clauses were failed.
  0 Rows not loaded because all fields were null.


Space allocated for bind array:                 254904 bytes(26 rows)
Read   buffer bytes: 1048576

Total logical records skipped:          0
Total logical records read:           236
Total logical records rejected:         0
Total logical records discarded:        0

Run began on Wed Mar 06 10:03:30 2019
Run ended on Wed Mar 06 10:03:30 2019

Elapsed time was:     00:00:00.06
CPU time was:         00:00:00.02
