
SQL*Loader: Release 12.2.0.1.0 - Production on Wed Mar 6 10:03:29 2019

Copyright (c) 1982, 2017, Oracle and/or its affiliates.  All rights reserved.

Control File:   /dw-data/AICS/control/AICS_ASSET_CREDITORCONTRACT.ctl
Data File:      /dw-data/AICS/20190301/csv/20190301-AssetCreditorContract.csv
  Bad File:     /dw-data/AICS/20190301/bad/AICS_ASSET_CREDITORCONTRACT.bad
  Discard File:  none specified
 
 (Allow all discards)

Number to load: ALL
Number to skip: 0
Errors allowed: 50
Bind array:     64 rows, maximum of 256000 bytes
Continuation:    none specified
Path used:      Conventional

Table AICS_ASSET_CREDITORCONTRACT, loaded from every logical record.
Insert option in effect for this table: TRUNCATE
TRAILING NULLCOLS option in effect

   Column Name                  Position   Len  Term Encl Datatype
------------------------------ ---------- ----- ---- ---- ---------------------
CREDITORCONTRACTCODE                FIRST     *      O(") CHARACTER            
    Terminator string : '^*'
CREDITORCONTRACTNUM                  NEXT     *      O(") CHARACTER            
    Terminator string : '^*'
LOANANO                              NEXT     *      O(") CHARACTER            
    Terminator string : '^*'
LOANACCOUNTCODE                      NEXT     *      O(") CHARACTER            
    Terminator string : '^*'
HEADBANK                             NEXT     *      O(") CHARACTER            
    Terminator string : '^*'
BRANCHBANK                           NEXT     *      O(") CHARACTER            
    Terminator string : '^*'
CONTRACTSTARTDATE                    NEXT     *      O(") DATE YYYY-MM-DD HH24:MI:SS
    Terminator string : '^*'
CONTRACTENDDATE                      NEXT     *      O(") DATE YYYY-MM-DD HH24:MI:SS
    Terminator string : '^*'
CORPUSAMOUNT                         NEXT     *      O(") CHARACTER            
    Terminator string : '^*'
INTEREST                             NEXT     *      O(") CHARACTER            
    Terminator string : '^*'
DEFAULTINTEREST                      NEXT     *      O(") CHARACTER            
    Terminator string : '^*'
COMPOUNDINTEREST                     NEXT     *      O(") CHARACTER            
    Terminator string : '^*'
ISCALCINTEREST                       NEXT     *      O(") CHARACTER            
    Terminator string : '^*'
CONTRACTSIGNDATE                     NEXT     *      O(") DATE YYYY-MM-DD HH24:MI:SS
    Terminator string : '^*'
ISBANTRANSFER                        NEXT     *      O(") CHARACTER            
    Terminator string : '^*'
LAWDEADDATE                          NEXT     *      O(") DATE YYYY-MM-DD HH24:MI:SS
    Terminator string : '^*'
CREDITORCONTRACTPHASE                NEXT     *      O(") CHARACTER            
    Terminator string : '^*'
CREDITORCONTRACTSTATUS               NEXT     *      O(") CHARACTER            
    Terminator string : '^*'
REJECTTYPE                           NEXT     *      O(") CHARACTER            
    Terminator string : '^*'
TEMPCODE                             NEXT     *      O(") CHARACTER            
    Terminator string : '^*'
ENTERUSER                            NEXT     *      O(") CHARACTER            
    Terminator string : '^*'
ENTERTIME                            NEXT     *      O(") DATE YYYY-MM-DD HH24:MI:SS
    Terminator string : '^*'
LASTUPDATEUSER                       NEXT     *      O(") CHARACTER            
    Terminator string : '^*'
LASTUPDATETIME                       NEXT     *      O(") DATE YYYY-MM-DD HH24:MI:SS
    Terminator string : '^*'
CREDITTYPE                           NEXT     *      O(") CHARACTER            
    Terminator string : '^*'
CYKIND                               NEXT     *      O(") CHARACTER            
    Terminator string : '^*'
PROPERTYNATURE                       NEXT     *      O(") CHARACTER            
    Terminator string : '^*'
ESCROWSTATUS                         NEXT     *      O(") CHARACTER            
    Terminator string : '^*'
CONTRACTLOANDATE                     NEXT     *      O(") DATE YYYY-MM-DD HH24:MI:SS
    Terminator string : '^*'
CONTRACTNUM                          NEXT     *      O(") CHARACTER            
    Terminator string : '^*'
PROJECTCODE                          NEXT     *      O(") CHARACTER            
    Terminator string : '^*'
CONTRACTID                           NEXT     *      O(") CHARACTER            
    Terminator string : '^*'
CREDITORASSETTYPE                    NEXT     *      O(") CHARACTER            
    Terminator string : '^*'
CREDITORASSETCODE                    NEXT     *      O(") CHARACTER            
    Terminator string : '^*'
DATADATE                             NEXT     *      O(") CHARACTER            
    Terminator string : '^*'
    SQL string for column : "(select data_date from etl_control.ctl_general_parameter)"
ETL_DATE                             NEXT     *      O(") CHARACTER            
    Terminator string : '^*'
    SQL string for column : "sysdate "

value used for ROWS parameter changed from 64 to 27
Record 1: Rejected - Error on table AICS_ASSET_CREDITORCONTRACT, column CONTRACTSTARTDATE.
ORA-01841: (full) year must be between -4713 and +9999, and not be 0

Record 2: Rejected - Error on table AICS_ASSET_CREDITORCONTRACT, column CONTRACTSTARTDATE.
ORA-01841: (full) year must be between -4713 and +9999, and not be 0

Record 3: Rejected - Error on table AICS_ASSET_CREDITORCONTRACT, column CONTRACTSTARTDATE.
ORA-01841: (full) year must be between -4713 and +9999, and not be 0

Record 4: Rejected - Error on table AICS_ASSET_CREDITORCONTRACT, column CONTRACTSTARTDATE.
ORA-01841: (full) year must be between -4713 and +9999, and not be 0

Record 5: Rejected - Error on table AICS_ASSET_CREDITORCONTRACT, column CONTRACTSTARTDATE.
ORA-01841: (full) year must be between -4713 and +9999, and not be 0

Record 6: Rejected - Error on table AICS_ASSET_CREDITORCONTRACT, column CONTRACTSTARTDATE.
ORA-01841: (full) year must be between -4713 and +9999, and not be 0

Record 7: Rejected - Error on table AICS_ASSET_CREDITORCONTRACT, column CONTRACTSTARTDATE.
ORA-01841: (full) year must be between -4713 and +9999, and not be 0

Record 8: Rejected - Error on table AICS_ASSET_CREDITORCONTRACT, column CONTRACTSTARTDATE.
ORA-01841: (full) year must be between -4713 and +9999, and not be 0

Record 9: Rejected - Error on table AICS_ASSET_CREDITORCONTRACT, column CONTRACTSTARTDATE.
ORA-01841: (full) year must be between -4713 and +9999, and not be 0

Record 10: Rejected - Error on table AICS_ASSET_CREDITORCONTRACT, column CORPUSAMOUNT.
ORA-01722: invalid number

Record 11: Rejected - Error on table AICS_ASSET_CREDITORCONTRACT, column CONTRACTSTARTDATE.
ORA-01841: (full) year must be between -4713 and +9999, and not be 0

Record 12: Rejected - Error on table AICS_ASSET_CREDITORCONTRACT, column CONTRACTSTARTDATE.
ORA-01841: (full) year must be between -4713 and +9999, and not be 0

Record 13: Rejected - Error on table AICS_ASSET_CREDITORCONTRACT, column CONTRACTSTARTDATE.
ORA-01841: (full) year must be between -4713 and +9999, and not be 0

Record 14: Rejected - Error on table AICS_ASSET_CREDITORCONTRACT, column CONTRACTSTARTDATE.
ORA-01841: (full) year must be between -4713 and +9999, and not be 0

Record 15: Rejected - Error on table AICS_ASSET_CREDITORCONTRACT, column CONTRACTSTARTDATE.
ORA-01841: (full) year must be between -4713 and +9999, and not be 0

Record 16: Rejected - Error on table AICS_ASSET_CREDITORCONTRACT, column CONTRACTSTARTDATE.
ORA-01841: (full) year must be between -4713 and +9999, and not be 0

Record 17: Rejected - Error on table AICS_ASSET_CREDITORCONTRACT, column CORPUSAMOUNT.
ORA-01722: invalid number

Record 18: Rejected - Error on table AICS_ASSET_CREDITORCONTRACT, column CORPUSAMOUNT.
ORA-01722: invalid number

Record 19: Rejected - Error on table AICS_ASSET_CREDITORCONTRACT, column CORPUSAMOUNT.
ORA-01722: invalid number

Record 20: Rejected - Error on table AICS_ASSET_CREDITORCONTRACT, column REJECTTYPE.
ORA-12899: value too large for column "SRC_LAYER"."AICS_ASSET_CREDITORCONTRACT"."REJECTTYPE" (actual: 2, maximum: 1)

Record 21: Rejected - Error on table AICS_ASSET_CREDITORCONTRACT, column REJECTTYPE.
ORA-12899: value too large for column "SRC_LAYER"."AICS_ASSET_CREDITORCONTRACT"."REJECTTYPE" (actual: 2, maximum: 1)

Record 22: Rejected - Error on table AICS_ASSET_CREDITORCONTRACT, column CORPUSAMOUNT.
ORA-01722: invalid number

Record 23: Rejected - Error on table AICS_ASSET_CREDITORCONTRACT, column CORPUSAMOUNT.
ORA-01722: invalid number

Record 24: Rejected - Error on table AICS_ASSET_CREDITORCONTRACT, column CORPUSAMOUNT.
ORA-01722: invalid number

Record 25: Rejected - Error on table AICS_ASSET_CREDITORCONTRACT, column CONTRACTSTARTDATE.
ORA-01841: (full) year must be between -4713 and +9999, and not be 0

Record 26: Rejected - Error on table AICS_ASSET_CREDITORCONTRACT, column CONTRACTSTARTDATE.
ORA-01841: (full) year must be between -4713 and +9999, and not be 0

Record 27: Rejected - Error on table AICS_ASSET_CREDITORCONTRACT, column CONTRACTSTARTDATE.
ORA-01841: (full) year must be between -4713 and +9999, and not be 0

Record 28: Rejected - Error on table AICS_ASSET_CREDITORCONTRACT, column CONTRACTSTARTDATE.
ORA-01841: (full) year must be between -4713 and +9999, and not be 0

Record 29: Rejected - Error on table AICS_ASSET_CREDITORCONTRACT, column CONTRACTSTARTDATE.
ORA-01841: (full) year must be between -4713 and +9999, and not be 0

Record 30: Rejected - Error on table AICS_ASSET_CREDITORCONTRACT, column CONTRACTSTARTDATE.
ORA-01841: (full) year must be between -4713 and +9999, and not be 0

Record 31: Rejected - Error on table AICS_ASSET_CREDITORCONTRACT, column CONTRACTSTARTDATE.
ORA-01841: (full) year must be between -4713 and +9999, and not be 0

Record 32: Rejected - Error on table AICS_ASSET_CREDITORCONTRACT, column LOANACCOUNTCODE.
ORA-12899: value too large for column "SRC_LAYER"."AICS_ASSET_CREDITORCONTRACT"."LOANACCOUNTCODE" (actual: 38, maximum: 32)

Record 33: Rejected - Error on table AICS_ASSET_CREDITORCONTRACT, column CONTRACTSTARTDATE.
ORA-01841: (full) year must be between -4713 and +9999, and not be 0

Record 34: Rejected - Error on table AICS_ASSET_CREDITORCONTRACT, column CONTRACTSTARTDATE.
ORA-01841: (full) year must be between -4713 and +9999, and not be 0

Record 35: Rejected - Error on table AICS_ASSET_CREDITORCONTRACT, column CONTRACTSTARTDATE.
ORA-01841: (full) year must be between -4713 and +9999, and not be 0

Record 36: Rejected - Error on table AICS_ASSET_CREDITORCONTRACT, column CONTRACTSTARTDATE.
ORA-01841: (full) year must be between -4713 and +9999, and not be 0

Record 37: Rejected - Error on table AICS_ASSET_CREDITORCONTRACT, column CONTRACTSTARTDATE.
ORA-01841: (full) year must be between -4713 and +9999, and not be 0

Record 38: Rejected - Error on table AICS_ASSET_CREDITORCONTRACT, column CONTRACTSTARTDATE.
ORA-01841: (full) year must be between -4713 and +9999, and not be 0

Record 39: Rejected - Error on table AICS_ASSET_CREDITORCONTRACT, column CONTRACTSTARTDATE.
ORA-01841: (full) year must be between -4713 and +9999, and not be 0

Record 40: Rejected - Error on table AICS_ASSET_CREDITORCONTRACT, column CONTRACTSTARTDATE.
ORA-01841: (full) year must be between -4713 and +9999, and not be 0

Record 41: Rejected - Error on table AICS_ASSET_CREDITORCONTRACT, column CONTRACTSTARTDATE.
ORA-01841: (full) year must be between -4713 and +9999, and not be 0

Record 42: Rejected - Error on table AICS_ASSET_CREDITORCONTRACT, column CONTRACTSTARTDATE.
ORA-01841: (full) year must be between -4713 and +9999, and not be 0

Record 43: Rejected - Error on table AICS_ASSET_CREDITORCONTRACT, column CONTRACTSTARTDATE.
ORA-01841: (full) year must be between -4713 and +9999, and not be 0

Record 44: Rejected - Error on table AICS_ASSET_CREDITORCONTRACT, column CONTRACTSTARTDATE.
ORA-01841: (full) year must be between -4713 and +9999, and not be 0

Record 45: Rejected - Error on table AICS_ASSET_CREDITORCONTRACT, column CONTRACTSTARTDATE.
ORA-01841: (full) year must be between -4713 and +9999, and not be 0

Record 46: Rejected - Error on table AICS_ASSET_CREDITORCONTRACT, column CONTRACTSTARTDATE.
ORA-01841: (full) year must be between -4713 and +9999, and not be 0

Record 47: Rejected - Error on table AICS_ASSET_CREDITORCONTRACT, column CONTRACTSTARTDATE.
ORA-01841: (full) year must be between -4713 and +9999, and not be 0

Record 48: Rejected - Error on table AICS_ASSET_CREDITORCONTRACT, column CONTRACTSTARTDATE.
ORA-01841: (full) year must be between -4713 and +9999, and not be 0

Record 49: Rejected - Error on table AICS_ASSET_CREDITORCONTRACT, column CONTRACTSTARTDATE.
ORA-01841: (full) year must be between -4713 and +9999, and not be 0

Record 50: Rejected - Error on table AICS_ASSET_CREDITORCONTRACT, column CORPUSAMOUNT.
ORA-01722: invalid number

Record 51: Rejected - Error on table AICS_ASSET_CREDITORCONTRACT, column CONTRACTSTARTDATE.
ORA-01841: (full) year must be between -4713 and +9999, and not be 0


MAXIMUM ERROR COUNT EXCEEDED - Above statistics reflect partial run.

Table AICS_ASSET_CREDITORCONTRACT:
  0 Rows successfully loaded.
  51 Rows not loaded due to data errors.
  0 Rows not loaded because all WHEN clauses were failed.
  0 Rows not loaded because all fields were null.


Space allocated for bind array:                 250776 bytes(27 rows)
Read   buffer bytes: 1048576

Total logical records skipped:          0
Total logical records read:            54
Total logical records rejected:        51
Total logical records discarded:        0

Run began on Wed Mar 06 10:03:29 2019
Run ended on Wed Mar 06 10:03:29 2019

Elapsed time was:     00:00:00.06
CPU time was:         00:00:00.02
