
SQL*Loader: Release 12.2.0.1.0 - Production on Wed Mar 6 10:03:31 2019

Copyright (c) 1982, 2017, Oracle and/or its affiliates.  All rights reserved.

Control File:   /dw-data/AICS/control/AICS_SECURITY_ISSUANCE.ctl
Data File:      /dw-data/AICS/20190301/csv/20190301-SecurityIssuance.csv
  Bad File:     /dw-data/AICS/20190301/bad/AICS_SECURITY_ISSUANCE.bad
  Discard File:  none specified
 
 (Allow all discards)

Number to load: ALL
Number to skip: 0
Errors allowed: 50
Bind array:     64 rows, maximum of 256000 bytes
Continuation:    none specified
Path used:      Conventional

Table AICS_SECURITY_ISSUANCE, loaded from every logical record.
Insert option in effect for this table: TRUNCATE
TRAILING NULLCOLS option in effect

   Column Name                  Position   Len  Term Encl Datatype
------------------------------ ---------- ----- ---- ---- ---------------------
BR                                  FIRST     6      O(") CHARACTER            
    Terminator string : '^*'
SECURITY                             NEXT    32      O(") CHARACTER            
    Terminator string : '^*'
NAME                                 NEXT   255      O(") CHARACTER            
    Terminator string : '^*'
CCY                                  NEXT     3      O(") CHARACTER            
    Terminator string : '^*'
PAR_VALUE                            NEXT     *      O(") CHARACTER            
    Terminator string : '^*'
PRICE                                NEXT     *      O(") CHARACTER            
    Terminator string : '^*'
QTYISSUED                            NEXT     *      O(") CHARACTER            
    Terminator string : '^*'
AMTISSUED                            NEXT     *      O(") CHARACTER            
    Terminator string : '^*'
OID                                  NEXT     *      O(") CHARACTER            
    Terminator string : '^*'
RATECODE                             NEXT     8      O(") CHARACTER            
    Terminator string : '^*'
FIXRATE                              NEXT     *      O(") CHARACTER            
    Terminator string : '^*'
INTPMTFREQ                           NEXT     3      O(") CHARACTER            
    Terminator string : '^*'
ISSDATE                              NEXT     *      O(") DATE YYYY-MM-DD HH24:MI:SS
    Terminator string : '^*'
VDATE                                NEXT     *      O(") DATE YYYY-MM-DD HH24:MI:SS
    Terminator string : '^*'
TENOR                                NEXT     6      O(") CHARACTER            
    Terminator string : '^*'
TENOR_UNIT                           NEXT     2      O(") CHARACTER            
    Terminator string : '^*'
FIRSTINTPAYDATE                      NEXT     *      O(") DATE YYYY-MM-DD HH24:MI:SS
    Terminator string : '^*'
MDATE                                NEXT     *      O(") DATE YYYY-MM-DD HH24:MI:SS
    Terminator string : '^*'
MTYREFTYPE                           NEXT    32      O(") CHARACTER            
    Terminator string : '^*'
DOMESTIC                             NEXT     3      O(") CHARACTER            
    Terminator string : '^*'
MARKETISSUE                          NEXT     8      O(") CHARACTER            
    Terminator string : '^*'
CREATEUSER                           NEXT    32      O(") CHARACTER            
    Terminator string : '^*'
CREATETIME                           NEXT     *      O(") DATE YYYY-MM-DD HH24:MI:SS
    Terminator string : '^*'
LSTMNTUSER                           NEXT    32      O(") CHARACTER            
    Terminator string : '^*'
LSTMNTTIME                           NEXT     *      O(") DATE YYYY-MM-DD HH24:MI:SS
    Terminator string : '^*'
STATUS                               NEXT     2      O(") CHARACTER            
    Terminator string : '^*'
TYPE                                 NEXT     6      O(") CHARACTER            
    Terminator string : '^*'
BASIS                                NEXT     8      O(") CHARACTER            
    Terminator string : '^*'
CUSTCODE                             NEXT    32      O(") CHARACTER            
    Terminator string : '^*'
ACCOUNT                              NEXT    32      O(") CHARACTER            
    Terminator string : '^*'
REMARK                               NEXT  3000      O(") CHARACTER            
    Terminator string : '^*'
BUIS_MODULE                          NEXT    32      O(") CHARACTER            
    Terminator string : '^*'
TEMPCODE                             NEXT    20      O(") CHARACTER            
    Terminator string : '^*'
DATADATE                             NEXT     *      O(") CHARACTER            
    Terminator string : '^*'
    SQL string for column : "(select data_date from etl_control.ctl_general_parameter)"

value used for ROWS parameter changed from 64 to 36

Table AICS_SECURITY_ISSUANCE:
  2 Rows successfully loaded.
  0 Rows not loaded due to data errors.
  0 Rows not loaded because all WHEN clauses were failed.
  0 Rows not loaded because all fields were null.


Space allocated for bind array:                 250344 bytes(36 rows)
Read   buffer bytes: 1048576

Total logical records skipped:          0
Total logical records read:             2
Total logical records rejected:         0
Total logical records discarded:        0

Run began on Wed Mar 06 10:03:31 2019
Run ended on Wed Mar 06 10:03:31 2019

Elapsed time was:     00:00:00.06
CPU time was:         00:00:00.02
