
SQL*Loader: Release 12.2.0.1.0 - Production on Wed Mar 6 10:03:29 2019

Copyright (c) 1982, 2017, Oracle and/or its affiliates.  All rights reserved.

Control File:   /dw-data/AICS/control/AICS_ASSET_CREDITOR_RELATION.ctl
Data File:      /dw-data/AICS/20190301/csv/20190301-AssetCreditorRelation.csv
  Bad File:     /dw-data/AICS/20190301/bad/AICS_ASSET_CREDITOR_RELATION.bad
  Discard File:  none specified
 
 (Allow all discards)

Number to load: ALL
Number to skip: 0
Errors allowed: 50
Bind array:     64 rows, maximum of 256000 bytes
Continuation:    none specified
Path used:      Conventional

Table AICS_ASSET_CREDITOR_RELATION, loaded from every logical record.
Insert option in effect for this table: TRUNCATE
TRAILING NULLCOLS option in effect

   Column Name                  Position   Len  Term Encl Datatype
------------------------------ ---------- ----- ---- ---- ---------------------
RELATIONCODE                        FIRST     *      O(") CHARACTER            
    Terminator string : '^*'
RELATIONTYPE                         NEXT     *      O(") CHARACTER            
    Terminator string : '^*'
CREDITORCONTRACTCODE                 NEXT     *      O(") CHARACTER            
    Terminator string : '^*'
GUARANTEECONTRACTCODE                NEXT     *      O(") CHARACTER            
    Terminator string : '^*'
DATADATE                             NEXT     *      O(") CHARACTER            
    Terminator string : '^*'
    SQL string for column : "(select data_date from etl_control.ctl_general_parameter)"
ETL_DATE                             NEXT     *      O(") CHARACTER            
    Terminator string : '^*'
    SQL string for column : "sysdate "


Table AICS_ASSET_CREDITOR_RELATION:
  96 Rows successfully loaded.
  0 Rows not loaded due to data errors.
  0 Rows not loaded because all WHEN clauses were failed.
  0 Rows not loaded because all fields were null.


Space allocated for bind array:                  99072 bytes(64 rows)
Read   buffer bytes: 1048576

Total logical records skipped:          0
Total logical records read:            96
Total logical records rejected:         0
Total logical records discarded:        0

Run began on Wed Mar 06 10:03:29 2019
Run ended on Wed Mar 06 10:03:29 2019

Elapsed time was:     00:00:00.05
CPU time was:         00:00:00.01
