
SQL*Loader: Release 12.2.0.1.0 - Production on Thu Apr 11 15:57:52 2019

Copyright (c) 1982, 2017, Oracle and/or its affiliates.  All rights reserved.

Control File:   /dw-data/EBS-DATA/control/EBS_DATA_HEADER.ctl
Data File:      /dw-data/EBS-DATA/20190328/csv/20190328_fnd_flex_value_sets_201903.csv
  Bad File:     /dw-data/EBS-DATA/20190328/bad/20190328_fnd_flex_value_sets_201903_HEADER.bad
  Discard File:  none specified
 
 (Allow all discards)

Number to load: 1
Number to skip: 0
Errors allowed: 50
Bind array:     64 rows, maximum of 256000 bytes
Continuation:    none specified
Path used:      Conventional

Table EBS_DATA_HEADER, loaded from every logical record.
Insert option in effect for this table: APPEND
TRAILING NULLCOLS option in effect

   Column Name                  Position   Len  Term Encl Datatype
------------------------------ ---------- ----- ---- ---- ---------------------
REPORT_ID                           FIRST     *      O(") CHARACTER            
    Terminator string : '^*'
REPORT_FLAG                          NEXT     *      O(") CHARACTER            
    Terminator string : '^*'
PERIOD_DATE                          NEXT     *      O(") CHARACTER            
    Terminator string : '^*'
DATA_DATE                            NEXT     *      O(") DATE YYYYMMDD        
    Terminator string : '^*'
LINE_COUNT_NUM                       NEXT     *      O(") CHARACTER            
    Terminator string : '^*'
    SQL string for column : "to_number(:line_count_num)"
ETL_DATE                             NEXT     *      O(") CHARACTER            
    Terminator string : '^*'
    SQL string for column : "sysdate"


Table EBS_DATA_HEADER:
  1 Row successfully loaded.
  0 Rows not loaded due to data errors.
  0 Rows not loaded because all WHEN clauses were failed.
  0 Rows not loaded because all fields were null.


Space allocated for bind array:                  99072 bytes(64 rows)
Read   buffer bytes: 1048576

Total logical records skipped:          0
Total logical records read:             1
Total logical records rejected:         0
Total logical records discarded:        0

Run began on Thu Apr 11 15:57:52 2019
Run ended on Thu Apr 11 15:57:52 2019

Elapsed time was:     00:00:00.03
CPU time was:         00:00:00.02
