
SQL*Loader: Release 12.2.0.1.0 - Production on Thu Apr 11 15:57:54 2019

Copyright (c) 1982, 2017, Oracle and/or its affiliates.  All rights reserved.

Control File:   /dw-data/EBS-DATA/control/EBS_FND_ID_FLEX_SEGMENTS.ctl
Data File:      /dw-data/EBS-DATA/20190328/csv/20190328_fnd_id_flex_segments_201903.csv
  Bad File:     /dw-data/EBS-DATA/20190328/bad/EBS_FND_ID_FLEX_SEGMENTS.bad
  Discard File:  none specified
 
 (Allow all discards)

Number to load: ALL
Number to skip: 1
Errors allowed: 50
Bind array:     64 rows, maximum of 256000 bytes
Continuation:    none specified
Path used:      Conventional

Table EBS_FND_ID_FLEX_SEGMENTS, loaded from every logical record.
Insert option in effect for this table: TRUNCATE
TRAILING NULLCOLS option in effect

   Column Name                  Position   Len  Term Encl Datatype
------------------------------ ---------- ----- ---- ---- ---------------------
REPORT_ID                           FIRST     *      O(") CHARACTER            
    Terminator string : '^*'
APPLICATION_ID                       NEXT     *      O(") CHARACTER            
    Terminator string : '^*'
ID_FLEX_CODE                         NEXT     *      O(") CHARACTER            
    Terminator string : '^*'
ID_FLEX_NUM                          NEXT     *      O(") CHARACTER            
    Terminator string : '^*'
APPLICATION_COLUMN_NAME              NEXT     *      O(") CHARACTER            
    Terminator string : '^*'
SEGMENT_NAME                         NEXT     *      O(") CHARACTER            
    Terminator string : '^*'
LAST_UPDATE_DATE                     NEXT     *      O(") DATE DD-MM-YY        
    Terminator string : '^*'
LAST_UPDATED_BY                      NEXT     *      O(") CHARACTER            
    Terminator string : '^*'
CREATION_DATE                        NEXT     *      O(") DATE DD-MM-YY        
    Terminator string : '^*'
CREATED_BY                           NEXT     *      O(") CHARACTER            
    Terminator string : '^*'
LAST_UPDATE_LOGIN                    NEXT     *      O(") CHARACTER            
    Terminator string : '^*'
SEGMENT_NUM                          NEXT     *      O(") CHARACTER            
    Terminator string : '^*'
APPLICATION_COLUMN_INDEX_FLAG        NEXT     *      O(") CHARACTER            
    Terminator string : '^*'
ENABLED_FLAG                         NEXT     *      O(") CHARACTER            
    Terminator string : '^*'
REQUIRED_FLAG                        NEXT     *      O(") CHARACTER            
    Terminator string : '^*'
DISPLAY_FLAG                         NEXT     *      O(") CHARACTER            
    Terminator string : '^*'
DISPLAY_SIZE                         NEXT     *      O(") CHARACTER            
    Terminator string : '^*'
SECURITY_ENABLED_FLAG                NEXT     *      O(") CHARACTER            
    Terminator string : '^*'
MAXIMUM_DESCRIPTION_LEN              NEXT     *      O(") CHARACTER            
    Terminator string : '^*'
CONCATENATION_DESCRIPTION_LEN        NEXT     *      O(") CHARACTER            
    Terminator string : '^*'
FLEX_VALUE_SET_ID                    NEXT     *      O(") CHARACTER            
    Terminator string : '^*'
RANGE_CODE                           NEXT     *      O(") CHARACTER            
    Terminator string : '^*'
DEFAULT_TYPE                         NEXT     *      O(") CHARACTER            
    Terminator string : '^*'
DEFAULT_VALUE                        NEXT     *      O(") CHARACTER            
    Terminator string : '^*'
RUNTIME_PROPERTY_FUNCTION            NEXT     *      O(") CHARACTER            
    Terminator string : '^*'
ADDITIONAL_WHERE_CLAUSE              NEXT     *      O(") CHARACTER            
    Terminator string : '^*'
ZD_EDITION_NAME                      NEXT     *      O(") CHARACTER            
    Terminator string : '^*'
ZD_SYNC                              NEXT     *      O(") CHARACTER            
    Terminator string : '^*'
DATA_DATE                            NEXT     *      O(") CHARACTER            
    Terminator string : '^*'
    SQL string for column : "(select data_date from etl_control.ctl_general_parameter)"
ETL_DATE                             NEXT     *      O(") CHARACTER            
    Terminator string : '^*'
    SQL string for column : "sysdate "

value used for ROWS parameter changed from 64 to 33

Table EBS_FND_ID_FLEX_SEGMENTS:
  10 Rows successfully loaded.
  0 Rows not loaded due to data errors.
  0 Rows not loaded because all WHEN clauses were failed.
  0 Rows not loaded because all fields were null.


Space allocated for bind array:                 255420 bytes(33 rows)
Read   buffer bytes: 1048576

Total logical records skipped:          1
Total logical records read:            10
Total logical records rejected:         0
Total logical records discarded:        0

Run began on Thu Apr 11 15:57:54 2019
Run ended on Thu Apr 11 15:57:54 2019

Elapsed time was:     00:00:00.07
CPU time was:         00:00:00.02
