
SQL*Loader: Release 12.2.0.1.0 - Production on Thu Apr 11 15:57:53 2019

Copyright (c) 1982, 2017, Oracle and/or its affiliates.  All rights reserved.

Control File:   /dw-data/EBS-DATA/control/EBS_GL_CODE_COMBINATIONS.ctl
Data File:      /dw-data/EBS-DATA/20190328/csv/20190328_gl_code_combinations_201903.csv
  Bad File:     /dw-data/EBS-DATA/20190328/bad/EBS_GL_CODE_COMBINATIONS.bad
  Discard File:  none specified
 
 (Allow all discards)

Number to load: ALL
Number to skip: 1
Errors allowed: 50
Bind array:     64 rows, maximum of 256000 bytes
Continuation:    none specified
Path used:      Conventional

Table EBS_GL_CODE_COMBINATIONS, loaded from every logical record.
Insert option in effect for this table: TRUNCATE
TRAILING NULLCOLS option in effect

   Column Name                  Position   Len  Term Encl Datatype
------------------------------ ---------- ----- ---- ---- ---------------------
REPORT_ID                           FIRST     *      O(") CHARACTER            
    Terminator string : '^*'
CODE_COMBINATION_ID                  NEXT     *      O(") CHARACTER            
    Terminator string : '^*'
LAST_UPDATE_DATE                     NEXT     *      O(") DATE DD-MM-YY        
    Terminator string : '^*'
LAST_UPDATED_BY                      NEXT     *      O(") CHARACTER            
    Terminator string : '^*'
CHART_OF_ACCOUNTS_ID                 NEXT     *      O(") CHARACTER            
    Terminator string : '^*'
DETAIL_POSTING_ALLOWED_FLAG          NEXT     *      O(") CHARACTER            
    Terminator string : '^*'
DETAIL_BUDGETING_ALLOWED_FLAG        NEXT     *      O(") CHARACTER            
    Terminator string : '^*'
ACCOUNT_TYPE                         NEXT     *      O(") CHARACTER            
    Terminator string : '^*'
ENABLED_FLAG                         NEXT     *      O(") CHARACTER            
    Terminator string : '^*'
SUMMARY_FLAG                         NEXT     *      O(") CHARACTER            
    Terminator string : '^*'
SEGMENT1                             NEXT     *      O(") CHARACTER            
    Terminator string : '^*'
SEGMENT2                             NEXT     *      O(") CHARACTER            
    Terminator string : '^*'
SEGMENT3                             NEXT     *      O(") CHARACTER            
    Terminator string : '^*'
SEGMENT4                             NEXT     *      O(") CHARACTER            
    Terminator string : '^*'
SEGMENT5                             NEXT     *      O(") CHARACTER            
    Terminator string : '^*'
SEGMENT6                             NEXT     *      O(") CHARACTER            
    Terminator string : '^*'
SEGMENT7                             NEXT     *      O(") CHARACTER            
    Terminator string : '^*'
SEGMENT8                             NEXT     *      O(") CHARACTER            
    Terminator string : '^*'
SEGMENT9                             NEXT     *      O(") CHARACTER            
    Terminator string : '^*'
SEGMENT10                            NEXT     *      O(") CHARACTER            
    Terminator string : '^*'
SEGMENT11                            NEXT     *      O(") CHARACTER            
    Terminator string : '^*'
SEGMENT12                            NEXT     *      O(") CHARACTER            
    Terminator string : '^*'
SEGMENT13                            NEXT     *      O(") CHARACTER            
    Terminator string : '^*'
SEGMENT14                            NEXT     *      O(") CHARACTER            
    Terminator string : '^*'
SEGMENT15                            NEXT     *      O(") CHARACTER            
    Terminator string : '^*'
SEGMENT16                            NEXT     *      O(") CHARACTER            
    Terminator string : '^*'
SEGMENT17                            NEXT     *      O(") CHARACTER            
    Terminator string : '^*'
SEGMENT18                            NEXT     *      O(") CHARACTER            
    Terminator string : '^*'
SEGMENT19                            NEXT     *      O(") CHARACTER            
    Terminator string : '^*'
SEGMENT20                            NEXT     *      O(") CHARACTER            
    Terminator string : '^*'
SEGMENT21                            NEXT     *      O(") CHARACTER            
    Terminator string : '^*'
SEGMENT22                            NEXT     *      O(") CHARACTER            
    Terminator string : '^*'
SEGMENT23                            NEXT     *      O(") CHARACTER            
    Terminator string : '^*'
SEGMENT24                            NEXT     *      O(") CHARACTER            
    Terminator string : '^*'
SEGMENT25                            NEXT     *      O(") CHARACTER            
    Terminator string : '^*'
SEGMENT26                            NEXT     *      O(") CHARACTER            
    Terminator string : '^*'
SEGMENT27                            NEXT     *      O(") CHARACTER            
    Terminator string : '^*'
SEGMENT28                            NEXT     *      O(") CHARACTER            
    Terminator string : '^*'
SEGMENT29                            NEXT     *      O(") CHARACTER            
    Terminator string : '^*'
SEGMENT30                            NEXT     *      O(") CHARACTER            
    Terminator string : '^*'
DESCRIPTION                          NEXT     *      O(") CHARACTER            
    Terminator string : '^*'
TEMPLATE_ID                          NEXT     *      O(") CHARACTER            
    Terminator string : '^*'
ALLOCATION_CREATE_FLAG               NEXT     *      O(") CHARACTER            
    Terminator string : '^*'
START_DATE_ACTIVE                    NEXT     *      O(") DATE DD-MM-YY        
    Terminator string : '^*'
END_DATE_ACTIVE                      NEXT     *      O(") DATE DD-MM-YY        
    Terminator string : '^*'
ATTRIBUTE1                           NEXT     *      O(") CHARACTER            
    Terminator string : '^*'
ATTRIBUTE2                           NEXT     *      O(") CHARACTER            
    Terminator string : '^*'
ATTRIBUTE3                           NEXT     *      O(") CHARACTER            
    Terminator string : '^*'
ATTRIBUTE4                           NEXT     *      O(") CHARACTER            
    Terminator string : '^*'
ATTRIBUTE5                           NEXT     *      O(") CHARACTER            
    Terminator string : '^*'
ATTRIBUTE6                           NEXT     *      O(") CHARACTER            
    Terminator string : '^*'
ATTRIBUTE7                           NEXT     *      O(") CHARACTER            
    Terminator string : '^*'
ATTRIBUTE8                           NEXT     *      O(") CHARACTER            
    Terminator string : '^*'
ATTRIBUTE9                           NEXT     *      O(") CHARACTER            
    Terminator string : '^*'
ATTRIBUTE10                          NEXT     *      O(") CHARACTER            
    Terminator string : '^*'
CONTEXT                              NEXT     *      O(") CHARACTER            
    Terminator string : '^*'
SEGMENT_ATTRIBUTE1                   NEXT     *      O(") CHARACTER            
    Terminator string : '^*'
SEGMENT_ATTRIBUTE2                   NEXT     *      O(") CHARACTER            
    Terminator string : '^*'
SEGMENT_ATTRIBUTE3                   NEXT     *      O(") CHARACTER            
    Terminator string : '^*'
SEGMENT_ATTRIBUTE4                   NEXT     *      O(") CHARACTER            
    Terminator string : '^*'
SEGMENT_ATTRIBUTE5                   NEXT     *      O(") CHARACTER            
    Terminator string : '^*'
SEGMENT_ATTRIBUTE6                   NEXT     *      O(") CHARACTER            
    Terminator string : '^*'
SEGMENT_ATTRIBUTE7                   NEXT     *      O(") CHARACTER            
    Terminator string : '^*'
SEGMENT_ATTRIBUTE8                   NEXT     *      O(") CHARACTER            
    Terminator string : '^*'
SEGMENT_ATTRIBUTE9                   NEXT     *      O(") CHARACTER            
    Terminator string : '^*'
SEGMENT_ATTRIBUTE10                  NEXT     *      O(") CHARACTER            
    Terminator string : '^*'
SEGMENT_ATTRIBUTE11                  NEXT     *      O(") CHARACTER            
    Terminator string : '^*'
SEGMENT_ATTRIBUTE12                  NEXT     *      O(") CHARACTER            
    Terminator string : '^*'
SEGMENT_ATTRIBUTE13                  NEXT     *      O(") CHARACTER            
    Terminator string : '^*'
SEGMENT_ATTRIBUTE14                  NEXT     *      O(") CHARACTER            
    Terminator string : '^*'
SEGMENT_ATTRIBUTE15                  NEXT     *      O(") CHARACTER            
    Terminator string : '^*'
SEGMENT_ATTRIBUTE16                  NEXT     *      O(") CHARACTER            
    Terminator string : '^*'
SEGMENT_ATTRIBUTE17                  NEXT     *      O(") CHARACTER            
    Terminator string : '^*'
SEGMENT_ATTRIBUTE18                  NEXT     *      O(") CHARACTER            
    Terminator string : '^*'
SEGMENT_ATTRIBUTE19                  NEXT     *      O(") CHARACTER            
    Terminator string : '^*'
SEGMENT_ATTRIBUTE20                  NEXT     *      O(") CHARACTER            
    Terminator string : '^*'
SEGMENT_ATTRIBUTE21                  NEXT     *      O(") CHARACTER            
    Terminator string : '^*'
SEGMENT_ATTRIBUTE22                  NEXT     *      O(") CHARACTER            
    Terminator string : '^*'
SEGMENT_ATTRIBUTE23                  NEXT     *      O(") CHARACTER            
    Terminator string : '^*'
SEGMENT_ATTRIBUTE24                  NEXT     *      O(") CHARACTER            
    Terminator string : '^*'
SEGMENT_ATTRIBUTE25                  NEXT     *      O(") CHARACTER            
    Terminator string : '^*'
SEGMENT_ATTRIBUTE26                  NEXT     *      O(") CHARACTER            
    Terminator string : '^*'
SEGMENT_ATTRIBUTE27                  NEXT     *      O(") CHARACTER            
    Terminator string : '^*'
SEGMENT_ATTRIBUTE28                  NEXT     *      O(") CHARACTER            
    Terminator string : '^*'
SEGMENT_ATTRIBUTE29                  NEXT     *      O(") CHARACTER            
    Terminator string : '^*'
SEGMENT_ATTRIBUTE30                  NEXT     *      O(") CHARACTER            
    Terminator string : '^*'
SEGMENT_ATTRIBUTE31                  NEXT     *      O(") CHARACTER            
    Terminator string : '^*'
SEGMENT_ATTRIBUTE32                  NEXT     *      O(") CHARACTER            
    Terminator string : '^*'
SEGMENT_ATTRIBUTE33                  NEXT     *      O(") CHARACTER            
    Terminator string : '^*'
SEGMENT_ATTRIBUTE34                  NEXT     *      O(") CHARACTER            
    Terminator string : '^*'
SEGMENT_ATTRIBUTE35                  NEXT     *      O(") CHARACTER            
    Terminator string : '^*'
SEGMENT_ATTRIBUTE36                  NEXT     *      O(") CHARACTER            
    Terminator string : '^*'
SEGMENT_ATTRIBUTE37                  NEXT     *      O(") CHARACTER            
    Terminator string : '^*'
SEGMENT_ATTRIBUTE38                  NEXT     *      O(") CHARACTER            
    Terminator string : '^*'
SEGMENT_ATTRIBUTE39                  NEXT     *      O(") CHARACTER            
    Terminator string : '^*'
SEGMENT_ATTRIBUTE40                  NEXT     *      O(") CHARACTER            
    Terminator string : '^*'
SEGMENT_ATTRIBUTE41                  NEXT     *      O(") CHARACTER            
    Terminator string : '^*'
SEGMENT_ATTRIBUTE42                  NEXT     *      O(") CHARACTER            
    Terminator string : '^*'
REFERENCE1                           NEXT     *      O(") CHARACTER            
    Terminator string : '^*'
REFERENCE2                           NEXT     *      O(") CHARACTER            
    Terminator string : '^*'
REFERENCE3                           NEXT     *      O(") CHARACTER            
    Terminator string : '^*'
REFERENCE4                           NEXT     *      O(") CHARACTER            
    Terminator string : '^*'
REFERENCE5                           NEXT     *      O(") CHARACTER            
    Terminator string : '^*'
JGZZ_RECON_FLAG                      NEXT     *      O(") CHARACTER            
    Terminator string : '^*'
JGZZ_RECON_CONTEXT                   NEXT     *      O(") CHARACTER            
    Terminator string : '^*'
PRESERVE_FLAG                        NEXT     *      O(") CHARACTER            
    Terminator string : '^*'
REFRESH_FLAG                         NEXT     *      O(") CHARACTER            
    Terminator string : '^*'
IGI_BALANCED_BUDGET_FLAG             NEXT     *      O(") CHARACTER            
    Terminator string : '^*'
COMPANY_COST_CENTER_ORG_ID           NEXT     *      O(") CHARACTER            
    Terminator string : '^*'
REVALUATION_ID                       NEXT     *      O(") CHARACTER            
    Terminator string : '^*'
LEDGER_SEGMENT                       NEXT     *      O(") CHARACTER            
    Terminator string : '^*'
LEDGER_TYPE_CODE                     NEXT     *      O(") CHARACTER            
    Terminator string : '^*'
ALTERNATE_CODE_COMBINATION_ID        NEXT     *      O(") CHARACTER            
    Terminator string : '^*'
DATA_DATE                            NEXT     *      O(") CHARACTER            
    Terminator string : '^*'
    SQL string for column : "(select data_date from etl_control.ctl_general_parameter)"
ETL_DATE                             NEXT     *      O(") CHARACTER            
    Terminator string : '^*'
    SQL string for column : "sysdate "

value used for ROWS parameter changed from 64 to 8

Table EBS_GL_CODE_COMBINATIONS:
  1690 Rows successfully loaded.
  0 Rows not loaded due to data errors.
  0 Rows not loaded because all WHEN clauses were failed.
  0 Rows not loaded because all fields were null.


Space allocated for bind array:                 237360 bytes(8 rows)
Read   buffer bytes: 1048576

Total logical records skipped:          1
Total logical records read:          1690
Total logical records rejected:         0
Total logical records discarded:        0

Run began on Thu Apr 11 15:57:53 2019
Run ended on Thu Apr 11 15:57:53 2019

Elapsed time was:     00:00:00.43
CPU time was:         00:00:00.10
